2026-01-08 12:39:55,323 [INFO] Starting server run #8. Logging to logs/server_8.log
2026-01-08 12:40:15,479 [INFO] Use pytorch device_name: mps
2026-01-08 12:40:15,479 [INFO] Load pretrained SentenceTransformer: all-MiniLM-L6-v2
2026-01-08 12:40:17,707 [INFO] action encode_user_text | duration 2.2563s
2026-01-08 12:40:17,724 [INFO] Anonymized telemetry enabled. See                     https://docs.trychroma.com/telemetry for more information.
2026-01-08 12:40:17,838 [INFO] path /encode | method POST | duration 2.7634s | status 200
2026-01-08 12:40:18,286 [INFO] action search_movies | duration 0.2562s | exclude_count 3
2026-01-08 12:40:18,287 [INFO] path /users/Shamik Karkhanis/recommendations | method GET | duration 0.2823s | status 200
2026-01-08 12:40:30,110 [INFO] path /users/Shamik Karkhanis/sync | method POST | duration 0.0056s | status 200
2026-01-08 12:40:33,886 [INFO] Use pytorch device_name: mps
2026-01-08 12:40:33,887 [INFO] Load pretrained SentenceTransformer: all-MiniLM-L6-v2
2026-01-08 12:40:34,027 [INFO] path /users/Shamik Karkhanis/ratings | method POST | duration 0.0035s | status 200
2026-01-08 12:40:35,670 [INFO] action encode_user_text | duration 1.7837s
2026-01-08 12:40:35,702 [INFO] path /users/Shamik Karkhanis/ratings | method POST | duration 1.9329s | status 200
2026-01-08 12:40:37,039 [INFO] Use pytorch device_name: mps
2026-01-08 12:40:37,040 [INFO] Load pretrained SentenceTransformer: all-MiniLM-L6-v2
2026-01-08 12:40:38,759 [INFO] action encode_user_text | duration 1.7206s
2026-01-08 12:40:38,777 [INFO] path /users/Shamik Karkhanis/ratings | method POST | duration 1.8210s | status 200
2026-01-08 12:40:38,988 [INFO] action search_movies | duration 0.1795s | exclude_count 6
2026-01-08 12:40:38,989 [INFO] path /users/Shamik Karkhanis/recommendations | method GET | duration 0.1838s | status 200
2026-01-08 12:40:50,690 [INFO] path /users/Shamik Karkhanis/sync | method POST | duration 0.0040s | status 200
2026-01-08 12:40:52,835 [INFO] Use pytorch device_name: mps
2026-01-08 12:40:52,835 [INFO] Load pretrained SentenceTransformer: all-MiniLM-L6-v2
2026-01-08 12:40:54,587 [INFO] action encode_user_text | duration 1.7525s
2026-01-08 12:40:54,607 [INFO] path /users/Shamik Karkhanis/ratings | method POST | duration 1.8809s | status 200
2026-01-08 12:41:03,087 [INFO] Use pytorch device_name: mps
2026-01-08 12:41:03,087 [INFO] Load pretrained SentenceTransformer: all-MiniLM-L6-v2
2026-01-08 12:41:04,139 [INFO] path /users/Shamik Karkhanis/sync | method POST | duration 0.0014s | status 200
2026-01-08 12:41:04,900 [INFO] action encode_user_text | duration 1.8144s
2026-01-08 12:41:04,915 [INFO] path /users/Shamik Karkhanis/ratings | method POST | duration 1.9438s | status 200
2026-01-08 12:41:06,762 [INFO] path /users/Shamik Karkhanis/ratings | method POST | duration 0.0045s | status 200
2026-01-08 12:41:06,975 [INFO] action search_movies | duration 0.1947s | exclude_count 12
2026-01-08 12:41:06,976 [INFO] path /users/Shamik Karkhanis/recommendations | method GET | duration 0.2020s | status 200
2026-01-08 12:41:28,513 [INFO] path /users/Shamik Karkhanis/sync | method POST | duration 0.0044s | status 200
2026-01-08 12:41:33,669 [INFO] path /users/Shamik Karkhanis/sync | method POST | duration 0.0069s | status 200
2026-01-08 12:41:39,780 [INFO] path /users/Shamik Karkhanis/watchlist | method POST | duration 0.0054s | status 200
2026-01-08 12:41:45,680 [INFO] path /users/Shamik Karkhanis/sync | method POST | duration 0.0041s | status 200
2026-01-08 12:41:49,661 [INFO] path /users/Shamik Karkhanis/sync | method POST | duration 0.0014s | status 200
2026-01-08 12:41:54,568 [INFO] path /users/Shamik Karkhanis/sync | method POST | duration 0.0017s | status 200
2026-01-08 12:41:58,375 [INFO] path /users/Shamik Karkhanis/sync | method POST | duration 0.0041s | status 200
2026-01-08 12:42:02,671 [INFO] Use pytorch device_name: mps
2026-01-08 12:42:02,672 [INFO] Load pretrained SentenceTransformer: all-MiniLM-L6-v2
2026-01-08 12:42:04,589 [INFO] action encode_user_text | duration 1.9185s
2026-01-08 12:42:04,606 [INFO] path /users/Shamik Karkhanis/ratings | method POST | duration 2.0871s | status 200
2026-01-08 12:42:10,808 [INFO] path /users/Shamik Karkhanis/sync | method POST | duration 0.0040s | status 200
2026-01-08 12:42:23,067 [INFO] path /users/Shamik Karkhanis/sync | method POST | duration 0.0057s | status 200
2026-01-08 12:45:08,050 [INFO] path /users/Shamik Karkhanis/sync | method POST | duration 0.0195s | status 200
2026-01-08 12:45:08,255 [INFO] action search_movies | duration 0.1962s | exclude_count 36
2026-01-08 12:45:08,256 [INFO] path /users/Shamik Karkhanis/recommendations | method GET | duration 0.2231s | status 200
2026-01-08 12:45:09,242 [INFO] path /users/Shamik Karkhanis/sync | method POST | duration 0.0021s | status 200
2026-01-08 12:45:10,759 [INFO] path /users/Shamik Karkhanis/sync | method POST | duration 0.0044s | status 200
2026-01-08 12:45:12,318 [INFO] path /users/Shamik Karkhanis/sync | method POST | duration 0.0050s | status 200
2026-01-08 12:45:14,980 [INFO] path /users/Shamik Karkhanis/sync | method POST | duration 0.0033s | status 200
2026-01-08 12:45:16,413 [INFO] path /users/Shamik Karkhanis/sync | method POST | duration 0.0041s | status 200
2026-01-08 12:45:17,839 [INFO] path /users/Shamik Karkhanis/sync | method POST | duration 0.0046s | status 200
2026-01-08 12:45:19,588 [INFO] path /users/Shamik Karkhanis/sync | method POST | duration 0.0047s | status 200
2026-01-08 12:45:21,329 [INFO] path /users/Shamik Karkhanis/sync | method POST | duration 0.0045s | status 200
2026-01-08 12:45:23,274 [INFO] path /users/Shamik Karkhanis/sync | method POST | duration 0.0044s | status 200
2026-01-08 12:45:25,219 [INFO] path /users/Shamik Karkhanis/sync | method POST | duration 0.0038s | status 200
2026-01-08 12:45:27,939 [INFO] path /users/Shamik Karkhanis/sync | method POST | duration 0.0020s | status 200
2026-01-08 12:50:43,393 [INFO] path /users/Shamik Karkhanis/sync | method POST | duration 0.0050s | status 200
2026-01-08 12:53:42,149 [INFO] path /users/Shamik Karkhanis | method GET | duration 0.0065s | status 200
2026-01-08 12:53:42,691 [INFO] action search_movies | duration 0.1979s | exclude_count 41
2026-01-08 12:53:42,692 [INFO] path /users/Shamik Karkhanis/recommendations | method GET | duration 0.2128s | status 200
2026-01-08 12:53:54,465 [INFO] Use pytorch device_name: mps
2026-01-08 12:53:54,465 [INFO] Load pretrained SentenceTransformer: all-MiniLM-L6-v2
2026-01-08 12:53:56,481 [INFO] action encode_user_text | duration 2.0185s
2026-01-08 12:53:56,504 [INFO] path /encode | method POST | duration 2.1686s | status 200
2026-01-08 12:53:56,684 [INFO] action search_movies | duration 0.1665s | exclude_count 1
2026-01-08 12:53:56,685 [INFO] path /users/Shamik Karkhanis/recommendations | method GET | duration 0.1695s | status 200
2026-01-08 12:54:53,456 [INFO] path /users/Shamik Karkhanis/sync | method POST | duration 0.0085s | status 200
2026-01-08 12:55:01,234 [INFO] path /users/Shamik Karkhanis/sync | method POST | duration 0.0046s | status 200
2026-01-08 12:55:16,184 [INFO] path /users/Shamik Karkhanis/sync | method POST | duration 0.0067s | status 200
2026-01-08 12:55:19,804 [INFO] Use pytorch device_name: mps
2026-01-08 12:55:19,804 [INFO] Load pretrained SentenceTransformer: all-MiniLM-L6-v2
2026-01-08 12:55:21,910 [INFO] action encode_user_text | duration 2.1093s
2026-01-08 12:55:21,938 [INFO] path /users/Shamik Karkhanis/ratings | method POST | duration 2.3124s | status 200
2026-01-08 12:55:30,216 [INFO] path /users/Shamik Karkhanis/sync | method POST | duration 0.0043s | status 200
2026-01-08 12:55:33,741 [INFO] Use pytorch device_name: mps
2026-01-08 12:55:33,741 [INFO] Load pretrained SentenceTransformer: all-MiniLM-L6-v2
2026-01-08 12:55:35,255 [INFO] action encode_user_text | duration 1.5144s
2026-01-08 12:55:35,270 [INFO] path /users/Shamik Karkhanis/ratings | method POST | duration 1.5878s | status 200
2026-01-08 12:55:37,886 [INFO] path /users/Shamik Karkhanis/sync | method POST | duration 0.0055s | status 200
2026-01-08 12:55:46,601 [INFO] Use pytorch device_name: mps
2026-01-08 12:55:46,601 [INFO] Load pretrained SentenceTransformer: all-MiniLM-L6-v2
2026-01-08 12:55:47,781 [INFO] path /users/Shamik Karkhanis/sync | method POST | duration 0.0023s | status 200
2026-01-08 12:55:48,156 [INFO] action encode_user_text | duration 1.5556s
2026-01-08 12:55:48,171 [INFO] path /users/Shamik Karkhanis/ratings | method POST | duration 1.6811s | status 200
2026-01-08 12:55:48,403 [INFO] action search_movies | duration 0.1701s | exclude_count 15
2026-01-08 12:55:48,403 [INFO] path /users/Shamik Karkhanis/recommendations | method GET | duration 0.1736s | status 200
2026-01-08 12:56:00,855 [INFO] path /users/Shamik Karkhanis/ratings | method POST | duration 0.0050s | status 200
2026-01-08 12:56:05,534 [INFO] path /users/Shamik Karkhanis/sync | method POST | duration 0.0044s | status 200
2026-01-08 12:56:09,368 [INFO] path /users/Shamik Karkhanis/sync | method POST | duration 0.0036s | status 200
2026-01-08 12:56:11,522 [INFO] Use pytorch device_name: mps
2026-01-08 12:56:11,523 [INFO] Load pretrained SentenceTransformer: all-MiniLM-L6-v2
2026-01-08 12:56:13,453 [INFO] action encode_user_text | duration 1.9317s
2026-01-08 12:56:13,472 [INFO] path /users/Shamik Karkhanis/ratings | method POST | duration 2.0601s | status 200
2026-01-08 12:56:22,751 [INFO] path /users/Shamik Karkhanis/sync | method POST | duration 0.0047s | status 200
2026-01-08 12:56:33,909 [INFO] path /users/Shamik Karkhanis/sync | method POST | duration 0.0055s | status 200
2026-01-08 12:56:39,741 [INFO] Use pytorch device_name: mps
2026-01-08 12:56:39,741 [INFO] Load pretrained SentenceTransformer: all-MiniLM-L6-v2
2026-01-08 12:56:41,355 [INFO] action encode_user_text | duration 1.6144s
2026-01-08 12:56:41,375 [INFO] path /users/Shamik Karkhanis/ratings | method POST | duration 1.7379s | status 200
2026-01-08 12:56:41,559 [INFO] action search_movies | duration 0.1732s | exclude_count 26
2026-01-08 12:56:41,560 [INFO] path /users/Shamik Karkhanis/recommendations | method GET | duration 0.1762s | status 200
2026-01-08 12:56:44,857 [INFO] path /users/Shamik Karkhanis/sync | method POST | duration 0.0059s | status 200
2026-01-08 12:56:47,905 [INFO] Use pytorch device_name: mps
2026-01-08 12:56:47,905 [INFO] Load pretrained SentenceTransformer: all-MiniLM-L6-v2
2026-01-08 12:56:49,475 [INFO] action encode_user_text | duration 1.5713s
2026-01-08 12:56:49,493 [INFO] path /users/Shamik Karkhanis/ratings | method POST | duration 1.6712s | status 200
2026-01-08 12:56:53,354 [INFO] path /users/Shamik Karkhanis/sync | method POST | duration 0.0042s | status 200
2026-01-08 12:56:57,655 [INFO] path /users/Shamik Karkhanis/sync | method POST | duration 0.0047s | status 200
2026-01-08 12:57:02,548 [INFO] path /users/Shamik Karkhanis/sync | method POST | duration 0.0059s | status 200
2026-01-08 12:57:12,204 [INFO] path /users/Shamik Karkhanis/sync | method POST | duration 0.0039s | status 200
2026-01-08 12:57:19,364 [INFO] path /users/Shamik Karkhanis/sync | method POST | duration 0.0038s | status 200
2026-01-08 12:57:24,714 [INFO] path /users/Shamik Karkhanis/sync | method POST | duration 0.0044s | status 200
2026-01-08 12:57:51,547 [INFO] Use pytorch device_name: mps
2026-01-08 12:57:51,548 [INFO] Load pretrained SentenceTransformer: all-MiniLM-L6-v2
2026-01-08 12:57:53,695 [INFO] action encode_user_text | duration 2.1485s
2026-01-08 12:57:53,713 [INFO] path /users/Shamik Karkhanis/ratings | method POST | duration 2.3060s | status 200
2026-01-08 12:57:56,560 [INFO] path /users/Shamik Karkhanis/sync | method POST | duration 0.0040s | status 200
2026-01-08 12:57:56,730 [INFO] action search_movies | duration 0.1771s | exclude_count 47
2026-01-08 12:57:56,731 [INFO] path /users/Shamik Karkhanis/recommendations | method GET | duration 0.1884s | status 200
2026-01-08 12:58:02,998 [INFO] path /users/Shamik Karkhanis/sync | method POST | duration 0.0047s | status 200
2026-01-08 12:58:05,203 [INFO] Use pytorch device_name: mps
2026-01-08 12:58:05,203 [INFO] Load pretrained SentenceTransformer: all-MiniLM-L6-v2
2026-01-08 12:58:06,996 [INFO] action encode_user_text | duration 1.7934s
2026-01-08 12:58:07,016 [INFO] path /users/Shamik Karkhanis/ratings | method POST | duration 1.8914s | status 200
2026-01-08 12:58:07,256 [INFO] action search_movies | duration 0.1649s | exclude_count 51
2026-01-08 12:58:07,257 [INFO] path /users/Shamik Karkhanis/recommendations | method GET | duration 0.1703s | status 200
2026-01-08 12:58:11,797 [INFO] path /users/Shamik Karkhanis/sync | method POST | duration 0.0063s | status 200
2026-01-08 12:58:20,182 [INFO] Use pytorch device_name: mps
2026-01-08 12:58:20,182 [INFO] Load pretrained SentenceTransformer: all-MiniLM-L6-v2
2026-01-08 12:58:21,774 [INFO] action encode_user_text | duration 1.5924s
2026-01-08 12:58:21,793 [INFO] path /users/Shamik Karkhanis/ratings | method POST | duration 1.8070s | status 200
2026-01-08 12:58:23,164 [INFO] path /users/Shamik Karkhanis/sync | method POST | duration 0.0076s | status 200
2026-01-08 12:58:28,699 [INFO] path /users/Shamik Karkhanis/sync | method POST | duration 0.0056s | status 200
2026-01-08 12:58:33,504 [INFO] path /users/Shamik Karkhanis/sync | method POST | duration 0.0048s | status 200
2026-01-08 12:58:38,785 [INFO] path /users/Shamik Karkhanis/sync | method POST | duration 0.0055s | status 200
2026-01-08 12:58:43,418 [INFO] path /users/Shamik Karkhanis/sync | method POST | duration 0.0050s | status 200
2026-01-08 12:58:56,457 [INFO] path /users/Shamik Karkhanis/sync | method POST | duration 0.0082s | status 200
2026-01-08 12:59:04,135 [INFO] path /users/Shamik Karkhanis/sync | method POST | duration 0.0072s | status 200
2026-01-08 12:59:04,314 [INFO] action search_movies | duration 0.1701s | exclude_count 72
2026-01-08 12:59:04,314 [INFO] path /users/Shamik Karkhanis/recommendations | method GET | duration 0.1889s | status 200
2026-01-08 12:59:08,128 [INFO] path /users/Shamik Karkhanis/sync | method POST | duration 0.0052s | status 200
2026-01-08 12:59:10,541 [INFO] Use pytorch device_name: mps
2026-01-08 12:59:10,541 [INFO] Load pretrained SentenceTransformer: all-MiniLM-L6-v2
2026-01-08 12:59:12,350 [INFO] action encode_user_text | duration 1.8116s
2026-01-08 12:59:12,368 [INFO] path /users/Shamik Karkhanis/ratings | method POST | duration 1.9796s | status 200
2026-01-08 13:01:30,692 [INFO] path /users/Shamik Karkhanis/sync | method POST | duration 0.0067s | status 200
2026-01-08 13:01:35,975 [INFO] path /users/Shamik Karkhanis/sync | method POST | duration 0.0050s | status 200
2026-01-08 13:01:39,772 [INFO] path /users/Shamik Karkhanis/sync | method POST | duration 0.0054s | status 200
2026-01-08 13:01:42,650 [INFO] path /users/Shamik Karkhanis/sync | method POST | duration 0.0076s | status 200
2026-01-08 13:01:42,817 [INFO] action search_movies | duration 0.1709s | exclude_count 87
2026-01-08 13:01:42,818 [INFO] path /users/Shamik Karkhanis/recommendations | method GET | duration 0.1841s | status 200
2026-01-08 13:01:46,733 [INFO] path /users/Shamik Karkhanis/sync | method POST | duration 0.0023s | status 200
2026-01-08 13:01:51,036 [INFO] path /users/Shamik Karkhanis/sync | method POST | duration 0.0052s | status 200
2026-01-08 13:01:54,925 [INFO] path /users/Shamik Karkhanis/sync | method POST | duration 0.0038s | status 200
2026-01-08 13:01:59,894 [INFO] path /users/Shamik Karkhanis/sync | method POST | duration 0.0074s | status 200
2026-01-08 13:02:04,567 [INFO] Use pytorch device_name: mps
2026-01-08 13:02:04,567 [INFO] Load pretrained SentenceTransformer: all-MiniLM-L6-v2
2026-01-08 13:02:06,220 [INFO] action encode_user_text | duration 1.6546s
2026-01-08 13:02:06,238 [INFO] path /users/Shamik Karkhanis/ratings | method POST | duration 1.8952s | status 200
2026-01-08 13:02:06,418 [INFO] action search_movies | duration 0.1677s | exclude_count 102
2026-01-08 13:02:06,419 [INFO] path /users/Shamik Karkhanis/recommendations | method GET | duration 0.1706s | status 200
2026-01-08 13:02:08,343 [INFO] path /users/Shamik Karkhanis/sync | method POST | duration 0.0054s | status 200
2026-01-08 13:02:13,227 [INFO] Use pytorch device_name: mps
2026-01-08 13:02:13,228 [INFO] Load pretrained SentenceTransformer: all-MiniLM-L6-v2
2026-01-08 13:02:14,466 [INFO] path /users/Shamik Karkhanis/sync | method POST | duration 0.0049s | status 200
2026-01-08 13:02:14,862 [INFO] action encode_user_text | duration 1.6353s
2026-01-08 13:02:14,879 [INFO] path /users/Shamik Karkhanis/ratings | method POST | duration 1.8338s | status 200
2026-01-08 13:02:18,959 [INFO] Use pytorch device_name: mps
2026-01-08 13:02:18,959 [INFO] Load pretrained SentenceTransformer: all-MiniLM-L6-v2
2026-01-08 13:02:20,629 [INFO] action encode_user_text | duration 1.6712s
2026-01-08 13:02:20,649 [INFO] path /users/Shamik Karkhanis/ratings | method POST | duration 1.7999s | status 200
2026-01-08 13:02:21,958 [INFO] path /users/Shamik Karkhanis/sync | method POST | duration 0.0027s | status 200
2026-01-08 13:02:26,743 [INFO] Use pytorch device_name: mps
2026-01-08 13:02:26,743 [INFO] Load pretrained SentenceTransformer: all-MiniLM-L6-v2
2026-01-08 13:02:28,286 [INFO] action encode_user_text | duration 1.5434s
2026-01-08 13:02:28,303 [INFO] path /users/Shamik Karkhanis/ratings | method POST | duration 1.6369s | status 200
2026-01-08 13:02:28,472 [INFO] path /users/Shamik Karkhanis/sync | method POST | duration 0.0016s | status 200
2026-01-08 13:02:28,591 [INFO] action search_movies | duration 0.1742s | exclude_count 111
2026-01-08 13:02:28,592 [INFO] path /users/Shamik Karkhanis/recommendations | method GET | duration 0.1776s | status 200
2026-01-08 13:02:33,022 [INFO] path /users/Shamik Karkhanis/sync | method POST | duration 0.0056s | status 200
2026-01-08 13:02:37,320 [INFO] path /users/Shamik Karkhanis/sync | method POST | duration 0.0045s | status 200
2026-01-08 13:02:42,603 [INFO] path /users/Shamik Karkhanis/watchlist | method POST | duration 0.0053s | status 200
2026-01-08 13:02:44,591 [INFO] path /users/Shamik Karkhanis/sync | method POST | duration 0.0051s | status 200
2026-01-08 13:02:52,077 [INFO] path /users/Shamik Karkhanis/sync | method POST | duration 0.0053s | status 200
2026-01-08 13:02:58,357 [INFO] path /users/Shamik Karkhanis/sync | method POST | duration 0.0049s | status 200
