2026-01-09 11:51:52,650 [INFO] Starting server run #13. Logging to logs/server_13.log
2026-01-09 11:51:53,118 [INFO] path /users/Shamik Karkhanis | method GET | duration 0.0037s | status 200
2026-01-09 11:51:53,425 [INFO] Anonymized telemetry enabled. See                     https://docs.trychroma.com/telemetry for more information.
2026-01-09 11:51:53,550 [INFO] action search_movies | where_filter: {"$and": [{"$or": [{"is_Action": true}, {"is_Adventure": true}, {"is_Classic": true}, {"is_Crime": true}, {"is_Drama": true}, {"is_Music": true}, {"is_Mystery": true}, {"is_Romance": true}, {"is_Sci\u2011Fi": true}, {"is_Thriller": true}]}, {"language": "en"}]} | fetch_k: 541
2026-01-09 11:51:53,802 [INFO] action search_movies | duration 0.2537s | exclude_count 321 | candidates_reranked 251
2026-01-09 11:51:53,803 [INFO] path /users/Shamik Karkhanis/recommendations | method GET | duration 0.4087s | status 200
2026-01-09 11:52:08,014 [INFO] Initializing SentenceTransformer model...
2026-01-09 11:52:08,043 [INFO] Use pytorch device_name: mps
2026-01-09 11:52:08,043 [INFO] Load pretrained SentenceTransformer: all-MiniLM-L6-v2
2026-01-09 11:52:10,613 [INFO] action encode_user_text | duration 2.5998s
2026-01-09 11:52:10,653 [INFO] path /encode | method POST | duration 4.3252s | status 200
2026-01-09 11:52:10,671 [INFO] action search_movies | where_filter: {"$and": [{"$or": [{"is_Action": true}, {"is_Adventure": true}, {"is_Classic": true}, {"is_Crime": true}, {"is_Drama": true}, {"is_Music": true}, {"is_Mystery": true}, {"is_Romance": true}, {"is_Sci\u2011Fi": true}, {"is_Thriller": true}]}, {"language": "en"}]} | fetch_k: 250
2026-01-09 11:52:10,877 [INFO] action search_movies | duration 0.2077s | exclude_count 9 | candidates_reranked 250
2026-01-09 11:52:10,878 [INFO] path /users/Shamik Karkhanis/recommendations | method GET | duration 0.2114s | status 200
2026-01-09 11:52:18,215 [INFO] action encode_user_text | duration 0.0501s
2026-01-09 11:52:18,241 [INFO] path /users/Shamik Karkhanis/ratings | method POST | duration 0.2626s | status 200
2026-01-09 11:52:18,410 [INFO] action encode_user_text | duration 0.0087s
2026-01-09 11:52:18,431 [INFO] path /users/Shamik Karkhanis/ratings | method POST | duration 0.1262s | status 200
2026-01-09 11:52:26,236 [INFO] path /users/Shamik Karkhanis/sync | method POST | duration 0.0052s | status 200
2026-01-09 11:52:37,565 [INFO] path /users/Shamik Karkhanis/sync | method POST | duration 0.0046s | status 200
2026-01-09 11:52:41,345 [INFO] path /users/Shamik Karkhanis/ratings | method POST | duration 0.0049s | status 200
2026-01-09 11:52:41,366 [INFO] action search_movies | where_filter: {"$and": [{"$or": [{"is_Action": true}, {"is_Adventure": true}, {"is_Classic": true}, {"is_Crime": true}, {"is_Drama": true}, {"is_Music": true}, {"is_Mystery": true}, {"is_Romance": true}, {"is_Sci\u2011Fi": true}, {"is_Thriller": true}]}, {"language": "en"}]} | fetch_k: 250
2026-01-09 11:52:41,564 [INFO] action search_movies | duration 0.2011s | exclude_count 16 | candidates_reranked 243
2026-01-09 11:52:41,565 [INFO] path /users/Shamik Karkhanis/recommendations | method GET | duration 0.2092s | status 200
2026-01-09 11:52:46,056 [INFO] path /users/Shamik Karkhanis/sync | method POST | duration 0.0046s | status 200
2026-01-09 11:52:49,640 [INFO] path /users/Shamik Karkhanis/sync | method POST | duration 0.0048s | status 200
2026-01-09 11:52:53,833 [INFO] path /users/Shamik Karkhanis/sync | method POST | duration 0.0013s | status 200
2026-01-09 11:53:03,475 [INFO] path /users/Shamik Karkhanis/watchlist | method POST | duration 0.0065s | status 200
2026-01-09 11:53:10,807 [INFO] path /users/Shamik Karkhanis/sync | method POST | duration 0.0053s | status 200
2026-01-09 11:53:16,888 [INFO] path /users/Shamik Karkhanis/sync | method POST | duration 0.0051s | status 200
2026-01-09 11:53:26,982 [INFO] path /users/Shamik Karkhanis/sync | method POST | duration 0.0048s | status 200
2026-01-09 11:53:26,999 [INFO] path /users/Shamik Karkhanis/watchlist | method POST | duration 0.0029s | status 200
2026-01-09 11:53:34,186 [INFO] path /users/Shamik Karkhanis/sync | method POST | duration 0.0049s | status 200
2026-01-09 11:53:38,785 [INFO] path /users/Shamik Karkhanis/sync | method POST | duration 0.0072s | status 200
2026-01-09 11:53:43,090 [INFO] path /users/Shamik Karkhanis/sync | method POST | duration 0.0013s | status 200
2026-01-09 11:53:43,765 [INFO] action search_movies | where_filter: {"$and": [{"$or": [{"is_Action": true}, {"is_Adventure": true}, {"is_Classic": true}, {"is_Crime": true}, {"is_Drama": true}, {"is_Music": true}, {"is_Mystery": true}, {"is_Romance": true}, {"is_Sci\u2011Fi": true}, {"is_Thriller": true}]}, {"language": "en"}]} | fetch_k: 256
2026-01-09 11:53:43,769 [INFO] path /users/Shamik Karkhanis/sync | method POST | duration 0.0023s | status 200
2026-01-09 11:53:43,963 [INFO] action search_movies | duration 0.2008s | exclude_count 36 | candidates_reranked 229
2026-01-09 11:53:43,964 [INFO] path /users/Shamik Karkhanis/recommendations | method GET | duration 0.2138s | status 200
2026-01-09 11:53:45,401 [INFO] path /users/Shamik Karkhanis/sync | method POST | duration 0.0047s | status 200
2026-01-09 11:53:46,932 [INFO] path /users/Shamik Karkhanis/sync | method POST | duration 0.0049s | status 200
2026-01-09 11:53:48,303 [INFO] path /users/Shamik Karkhanis/sync | method POST | duration 0.0048s | status 200
2026-01-09 11:53:49,855 [INFO] path /users/Shamik Karkhanis/sync | method POST | duration 0.0044s | status 200
2026-01-09 11:53:52,032 [INFO] path /users/Shamik Karkhanis/sync | method POST | duration 0.0119s | status 200
2026-01-09 11:53:53,984 [INFO] path /users/Shamik Karkhanis/sync | method POST | duration 0.0048s | status 200
2026-01-09 11:53:55,558 [INFO] path /users/Shamik Karkhanis/sync | method POST | duration 0.0046s | status 200
2026-01-09 11:53:57,198 [INFO] path /users/Shamik Karkhanis/sync | method POST | duration 0.0040s | status 200
2026-01-09 11:54:00,195 [INFO] path /users/Shamik Karkhanis/sync | method POST | duration 0.0052s | status 200
2026-01-09 11:54:02,347 [INFO] path /users/Shamik Karkhanis/sync | method POST | duration 0.0045s | status 200
2026-01-09 11:54:20,977 [INFO] path /users/Shamik Karkhanis/sync | method POST | duration 0.0055s | status 200
2026-01-09 11:54:29,563 [INFO] action encode_user_text | duration 0.1637s
2026-01-09 11:54:29,595 [INFO] path /users/Shamik Karkhanis/ratings | method POST | duration 0.4142s | status 200
2026-01-09 11:54:30,678 [INFO] path /users/Shamik Karkhanis/sync | method POST | duration 0.0052s | status 200
2026-01-09 11:54:35,011 [INFO] path /users/Shamik Karkhanis/sync | method POST | duration 0.0047s | status 200
2026-01-09 11:54:39,783 [INFO] path /users/Shamik Karkhanis/sync | method POST | duration 0.0045s | status 200
2026-01-09 11:54:43,786 [INFO] path /users/Shamik Karkhanis/sync | method POST | duration 0.0751s | status 200
2026-01-09 11:54:48,602 [INFO] action encode_user_text | duration 0.0450s
2026-01-09 11:54:48,625 [INFO] path /users/Shamik Karkhanis/ratings | method POST | duration 0.2893s | status 200
2026-01-09 11:54:50,893 [INFO] path /users/Shamik Karkhanis/sync | method POST | duration 0.0049s | status 200
2026-01-09 11:54:52,625 [INFO] path /users/Shamik Karkhanis/sync | method POST | duration 0.0048s | status 200
2026-01-09 11:54:52,712 [INFO] action search_movies | where_filter: {"$and": [{"$or": [{"is_Action": true}, {"is_Adventure": true}, {"is_Classic": true}, {"is_Crime": true}, {"is_Drama": true}, {"is_Music": true}, {"is_Mystery": true}, {"is_Romance": true}, {"is_Sci\u2011Fi": true}, {"is_Thriller": true}]}, {"language": "en"}]} | fetch_k: 276
2026-01-09 11:54:52,910 [INFO] action search_movies | duration 0.2003s | exclude_count 56 | candidates_reranked 229
2026-01-09 11:54:52,911 [INFO] path /users/Shamik Karkhanis/recommendations | method GET | duration 0.2083s | status 200
2026-01-09 11:55:10,740 [INFO] path /users/Shamik Karkhanis/sync | method POST | duration 0.0053s | status 200
2026-01-09 11:55:14,146 [INFO] path /users/Shamik Karkhanis/sync | method POST | duration 0.0044s | status 200
2026-01-09 11:55:16,524 [INFO] path /users/Shamik Karkhanis/sync | method POST | duration 0.0045s | status 200
2026-01-09 11:55:23,968 [INFO] path /users/Shamik Karkhanis/sync | method POST | duration 0.0050s | status 200
2026-01-09 11:55:30,931 [INFO] path /users/Shamik Karkhanis/sync | method POST | duration 0.0044s | status 200
2026-01-09 11:55:34,099 [INFO] path /users/Shamik Karkhanis/sync | method POST | duration 0.0043s | status 200
2026-01-09 11:55:36,156 [INFO] action search_movies | where_filter: {"$and": [{"$or": [{"is_Action": true}, {"is_Adventure": true}, {"is_Classic": true}, {"is_Crime": true}, {"is_Drama": true}, {"is_Music": true}, {"is_Mystery": true}, {"is_Romance": true}, {"is_Sci\u2011Fi": true}, {"is_Thriller": true}]}, {"language": "en"}]} | fetch_k: 294
2026-01-09 11:55:36,157 [INFO] path /users/Shamik Karkhanis/sync | method POST | duration 0.0056s | status 200
2026-01-09 11:55:36,258 [INFO] action search_movies | duration 0.1072s | exclude_count 74 | candidates_reranked 229
2026-01-09 11:55:36,259 [INFO] path /users/Shamik Karkhanis/recommendations | method GET | duration 0.1175s | status 200
2026-01-09 11:55:54,488 [INFO] path /users/Shamik Karkhanis/sync | method POST | duration 0.0048s | status 200
2026-01-09 11:55:58,675 [INFO] path /users/Shamik Karkhanis/sync | method POST | duration 0.0052s | status 200
2026-01-09 11:56:02,052 [INFO] path /users/Shamik Karkhanis/sync | method POST | duration 0.0041s | status 200
2026-01-09 11:56:05,022 [INFO] path /users/Shamik Karkhanis/sync | method POST | duration 0.0047s | status 200
2026-01-09 11:56:08,095 [INFO] path /users/Shamik Karkhanis/sync | method POST | duration 0.0049s | status 200
2026-01-09 11:56:10,962 [INFO] path /users/Shamik Karkhanis/sync | method POST | duration 0.0046s | status 200
2026-01-09 11:56:10,976 [INFO] action search_movies | where_filter: {"$and": [{"$or": [{"is_Action": true}, {"is_Adventure": true}, {"is_Classic": true}, {"is_Crime": true}, {"is_Drama": true}, {"is_Music": true}, {"is_Mystery": true}, {"is_Romance": true}, {"is_Sci\u2011Fi": true}, {"is_Thriller": true}]}, {"language": "en"}]} | fetch_k: 314
2026-01-09 11:56:11,171 [INFO] action search_movies | duration 0.1977s | exclude_count 94 | candidates_reranked 229
2026-01-09 11:56:11,172 [INFO] path /users/Shamik Karkhanis/recommendations | method GET | duration 0.2078s | status 200
2026-01-09 11:56:22,547 [INFO] path /users/Shamik Karkhanis/sync | method POST | duration 0.0053s | status 200
2026-01-09 11:56:25,916 [INFO] path /users/Shamik Karkhanis/sync | method POST | duration 0.0053s | status 200
2026-01-09 11:56:29,176 [INFO] path /users/Shamik Karkhanis/sync | method POST | duration 0.0130s | status 200
2026-01-09 11:56:32,773 [INFO] path /users/Shamik Karkhanis/sync | method POST | duration 0.0039s | status 200
2026-01-09 11:56:34,599 [INFO] action encode_user_text | duration 0.1262s
2026-01-09 11:56:34,622 [INFO] path /users/Shamik Karkhanis/ratings | method POST | duration 0.3169s | status 200
2026-01-09 11:56:34,635 [INFO] action search_movies | where_filter: {"$and": [{"$or": [{"is_Action": true}, {"is_Adventure": true}, {"is_Classic": true}, {"is_Crime": true}, {"is_Drama": true}, {"is_Music": true}, {"is_Mystery": true}, {"is_Romance": true}, {"is_Sci\u2011Fi": true}, {"is_Thriller": true}]}, {"language": "en"}]} | fetch_k: 325
2026-01-09 11:56:34,825 [INFO] action search_movies | duration 0.1916s | exclude_count 105 | candidates_reranked 229
2026-01-09 11:56:34,826 [INFO] path /users/Shamik Karkhanis/recommendations | method GET | duration 0.1947s | status 200
2026-01-09 11:56:46,811 [INFO] path /users/Shamik Karkhanis/sync | method POST | duration 0.0053s | status 200
2026-01-09 11:56:49,370 [INFO] action encode_user_text | duration 0.0394s
2026-01-09 11:56:49,395 [INFO] path /users/Shamik Karkhanis/ratings | method POST | duration 0.2406s | status 200
2026-01-09 11:56:52,160 [INFO] path /users/Shamik Karkhanis/sync | method POST | duration 0.0049s | status 200
2026-01-09 11:56:55,405 [INFO] path /users/Shamik Karkhanis/sync | method POST | duration 0.0049s | status 200
2026-01-09 11:56:58,613 [INFO] path /users/Shamik Karkhanis/sync | method POST | duration 0.0054s | status 200
2026-01-09 11:57:01,245 [INFO] path /users/Shamik Karkhanis/sync | method POST | duration 0.0056s | status 200
2026-01-09 11:57:04,109 [INFO] path /users/Shamik Karkhanis/sync | method POST | duration 0.0051s | status 200
