2026-01-24 11:56:33,586 [INFO] Starting server run #47. Logging to logs/server_47.log
2026-01-24 11:57:55,514 [INFO] path /users/Shamik Karkhanis | method GET | duration 0.0024s | status 200
2026-01-24 11:57:55,650 [INFO] path /onboarding/personas | method GET | duration 0.0067s | status 200
2026-01-24 11:57:55,692 [INFO] Anonymized telemetry enabled. See                     https://docs.trychroma.com/telemetry for more information.
2026-01-24 11:57:55,865 [INFO] action search_movies | where_filter: {"language": "en"} | fetch_k: 250
2026-01-24 11:57:55,994 [INFO] action search_movies | duration 0.1317s | exclude_count 7 | candidates_reranked 246
2026-01-24 11:57:55,995 [INFO] path /users/Shamik Karkhanis/recommendations | method GET | duration 0.3453s | status 200
2026-01-24 11:57:59,615 [INFO] path /encode | method POST | duration 0.0588s | status 200
2026-01-24 11:57:59,624 [INFO] action search_movies | where_filter: {"language": "en"} | fetch_k: 250
2026-01-24 11:57:59,685 [INFO] action search_movies | duration 0.0638s | exclude_count 0 | candidates_reranked 250
2026-01-24 11:57:59,686 [INFO] path /users/Shamik Karkhanis/recommendations | method GET | duration 0.0679s | status 200
2026-01-24 11:58:12,021 [INFO] path /users/Shamik Karkhanis/sync | method POST | duration 0.0041s | status 200
2026-01-24 11:58:18,008 [INFO] path /users/Shamik Karkhanis/sync | method POST | duration 0.0023s | status 200
2026-01-24 11:58:31,735 [INFO] path /users/Shamik Karkhanis/sync | method POST | duration 0.0045s | status 200
2026-01-24 11:58:33,730 [INFO] path /users/Shamik Karkhanis/sync | method POST | duration 0.0070s | status 200
2026-01-24 11:58:33,734 [INFO] action search_movies | where_filter: {"language": "en"} | fetch_k: 250
2026-01-24 11:58:33,843 [INFO] action search_movies | duration 0.1109s | exclude_count 9 | candidates_reranked 241
2026-01-24 11:58:33,844 [INFO] path /users/Shamik Karkhanis/recommendations | method GET | duration 0.1232s | status 200
2026-01-24 11:58:36,890 [INFO] path /users/Shamik Karkhanis/sync | method POST | duration 0.0022s | status 200
2026-01-24 11:58:40,873 [INFO] path /users/Shamik Karkhanis/sync | method POST | duration 0.0027s | status 200
2026-01-24 11:58:49,811 [INFO] path /users/Shamik Karkhanis/sync | method POST | duration 0.0030s | status 200
2026-01-24 11:59:00,312 [INFO] path /users/Shamik Karkhanis | method GET | duration 0.0021s | status 200
2026-01-24 11:59:00,371 [INFO] path /onboarding/personas | method GET | duration 0.0012s | status 200
2026-01-24 11:59:00,385 [INFO] action search_movies | where_filter: {"language": "en"} | fetch_k: 250
2026-01-24 11:59:00,505 [INFO] action search_movies | duration 0.1223s | exclude_count 19 | candidates_reranked 231
2026-01-24 11:59:00,506 [INFO] path /users/Shamik Karkhanis/recommendations | method GET | duration 0.1320s | status 200
2026-01-24 11:59:03,261 [INFO] path /encode | method POST | duration 0.0528s | status 200
2026-01-24 11:59:03,269 [INFO] action search_movies | where_filter: {"language": "en"} | fetch_k: 250
2026-01-24 11:59:03,341 [INFO] action search_movies | duration 0.0740s | exclude_count 0 | candidates_reranked 250
2026-01-24 11:59:03,342 [INFO] path /users/Shamik Karkhanis/recommendations | method GET | duration 0.0790s | status 200
2026-01-24 11:59:09,070 [INFO] path /users/Shamik Karkhanis/sync | method POST | duration 0.0029s | status 200
2026-01-24 11:59:12,529 [INFO] path /users/Shamik Karkhanis/sync | method POST | duration 0.0022s | status 200
2026-01-24 11:59:15,208 [INFO] path /users/Shamik Karkhanis/sync | method POST | duration 0.0034s | status 200
2026-01-24 11:59:18,286 [INFO] path /users/Shamik Karkhanis/sync | method POST | duration 0.0108s | status 200
2026-01-24 11:59:18,291 [INFO] action search_movies | where_filter: {"language": "en"} | fetch_k: 250
2026-01-24 11:59:18,389 [INFO] action search_movies | duration 0.1006s | exclude_count 9 | candidates_reranked 241
2026-01-24 11:59:18,390 [INFO] path /users/Shamik Karkhanis/recommendations | method GET | duration 0.1115s | status 200
2026-01-24 11:59:20,824 [INFO] path /users/Shamik Karkhanis/sync | method POST | duration 0.0033s | status 200
2026-01-24 11:59:28,697 [INFO] path /users/Shamik Karkhanis | method GET | duration 0.0039s | status 200
2026-01-24 11:59:28,748 [INFO] path /onboarding/personas | method GET | duration 0.0011s | status 200
2026-01-24 11:59:28,766 [INFO] action search_movies | where_filter: {"language": "en"} | fetch_k: 250
2026-01-24 11:59:28,890 [INFO] action search_movies | duration 0.1256s | exclude_count 13 | candidates_reranked 237
2026-01-24 11:59:28,891 [INFO] path /users/Shamik Karkhanis/recommendations | method GET | duration 0.1390s | status 200
2026-01-24 11:59:33,095 [INFO] path /encode | method POST | duration 0.0534s | status 200
2026-01-24 11:59:33,104 [INFO] action search_movies | where_filter: {"language": "en"} | fetch_k: 250
2026-01-24 11:59:33,171 [INFO] action search_movies | duration 0.0690s | exclude_count 0 | candidates_reranked 250
2026-01-24 11:59:33,172 [INFO] path /users/Shamik Karkhanis/recommendations | method GET | duration 0.0743s | status 200
2026-01-24 11:59:36,182 [INFO] path /users/Shamik Karkhanis/sync | method POST | duration 0.0040s | status 200
2026-01-24 11:59:39,613 [INFO] path /users/Shamik Karkhanis/sync | method POST | duration 0.0043s | status 200
2026-01-24 11:59:42,411 [INFO] path /users/Shamik Karkhanis/sync | method POST | duration 0.0031s | status 200
2026-01-24 11:59:43,516 [INFO] path /users/Shamik Karkhanis/sync | method POST | duration 0.0097s | status 200
2026-01-24 11:59:43,520 [INFO] action search_movies | where_filter: {"language": "en"} | fetch_k: 250
2026-01-24 11:59:43,628 [INFO] action search_movies | duration 0.1113s | exclude_count 9 | candidates_reranked 241
2026-01-24 11:59:43,629 [INFO] path /users/Shamik Karkhanis/recommendations | method GET | duration 0.1248s | status 200
2026-01-24 11:59:53,393 [INFO] path /users/Shamik Karkhanis | method GET | duration 0.0014s | status 200
2026-01-24 11:59:53,446 [INFO] path /onboarding/personas | method GET | duration 0.0010s | status 200
2026-01-24 11:59:53,458 [INFO] action search_movies | where_filter: {"language": "en"} | fetch_k: 250
2026-01-24 11:59:53,566 [INFO] action search_movies | duration 0.1101s | exclude_count 10 | candidates_reranked 240
2026-01-24 11:59:53,567 [INFO] path /users/Shamik Karkhanis/recommendations | method GET | duration 0.1181s | status 200
2026-01-24 12:00:01,145 [INFO] path /encode | method POST | duration 0.0609s | status 200
2026-01-24 12:00:01,154 [INFO] action search_movies | where_filter: {"language": "en"} | fetch_k: 250
2026-01-24 12:00:01,259 [INFO] action search_movies | duration 0.1068s | exclude_count 0 | candidates_reranked 250
2026-01-24 12:00:01,260 [INFO] path /users/Shamik Karkhanis/recommendations | method GET | duration 0.1110s | status 200
2026-01-24 12:00:05,871 [INFO] path /users/Shamik Karkhanis/sync | method POST | duration 0.0067s | status 200
2026-01-24 12:00:10,513 [INFO] path /users/Shamik Karkhanis/sync | method POST | duration 0.0043s | status 200
2026-01-24 12:00:13,719 [INFO] path /users/Shamik Karkhanis/sync | method POST | duration 0.0070s | status 200
2026-01-24 12:00:14,580 [INFO] path /users/Shamik Karkhanis/sync | method POST | duration 0.0035s | status 200
2026-01-24 12:00:14,582 [INFO] action search_movies | where_filter: {"language": "en"} | fetch_k: 250
2026-01-24 12:00:14,688 [INFO] action search_movies | duration 0.1089s | exclude_count 9 | candidates_reranked 241
2026-01-24 12:00:14,689 [INFO] path /users/Shamik Karkhanis/recommendations | method GET | duration 0.1168s | status 200
2026-01-24 12:00:30,984 [INFO] path /users/Shamik Karkhanis/sync | method POST | duration 0.0048s | status 200
2026-01-24 12:00:31,979 [INFO] path /users/Shamik Karkhanis/sync | method POST | duration 0.0038s | status 200
2026-01-24 12:00:32,004 [INFO] action search_movies | where_filter: {"language": "en"} | fetch_k: 250
2026-01-24 12:00:32,114 [INFO] action search_movies | duration 0.1121s | exclude_count 14 | candidates_reranked 240
2026-01-24 12:00:32,115 [INFO] path /users/Shamik Karkhanis/recommendations | method GET | duration 0.1175s | status 200
2026-01-24 12:02:00,963 [INFO] path /users/Shamik Karkhanis | method GET | duration 0.0081s | status 200
2026-01-24 12:02:01,014 [INFO] path /onboarding/personas | method GET | duration 0.0023s | status 200
2026-01-24 12:02:01,108 [INFO] action search_movies | where_filter: {"language": "en"} | fetch_k: 250
2026-01-24 12:02:01,224 [INFO] action search_movies | duration 0.1181s | exclude_count 14 | candidates_reranked 240
2026-01-24 12:02:01,225 [INFO] path /users/Shamik Karkhanis/recommendations | method GET | duration 0.1533s | status 200
2026-01-24 12:02:23,189 [INFO] path /encode | method POST | duration 0.0590s | status 200
2026-01-24 12:02:23,244 [INFO] action search_movies | where_filter: {"language": "en"} | fetch_k: 250
2026-01-24 12:02:23,290 [INFO] action search_movies | duration 0.0475s | exclude_count 0 | candidates_reranked 250
2026-01-24 12:02:23,291 [INFO] path /users/Shamik Karkhanis/recommendations | method GET | duration 0.0511s | status 200
2026-01-24 12:02:30,994 [INFO] path /users/Shamik Karkhanis/sync | method POST | duration 0.0041s | status 200
2026-01-24 12:02:35,519 [INFO] path /users/Shamik Karkhanis/sync | method POST | duration 0.0042s | status 200
2026-01-24 12:02:39,509 [INFO] path /users/Shamik Karkhanis/sync | method POST | duration 0.0250s | status 200
2026-01-24 12:02:40,808 [INFO] action search_movies | where_filter: {"language": "en"} | fetch_k: 250
2026-01-24 12:02:40,823 [INFO] path /users/Shamik Karkhanis/sync | method POST | duration 0.0026s | status 200
2026-01-24 12:02:40,909 [INFO] action search_movies | duration 0.1039s | exclude_count 9 | candidates_reranked 241
2026-01-24 12:02:40,910 [INFO] path /users/Shamik Karkhanis/recommendations | method GET | duration 0.1153s | status 200
2026-01-24 12:02:44,790 [INFO] path /users/Shamik Karkhanis/sync | method POST | duration 0.0035s | status 200
2026-01-24 12:02:52,100 [INFO] path /users/Shamik Karkhanis/sync | method POST | duration 0.0032s | status 200
2026-01-24 12:02:54,919 [INFO] path /users/Shamik Karkhanis/sync | method POST | duration 0.0040s | status 200
2026-01-24 12:03:02,049 [INFO] path /users/Shamik Karkhanis/sync | method POST | duration 0.0179s | status 200
2026-01-24 12:03:10,921 [INFO] path /users/Shamik Karkhanis/sync | method POST | duration 0.0036s | status 200
2026-01-24 12:03:12,128 [INFO] path /users/Shamik Karkhanis/sync | method POST | duration 0.0017s | status 200
2026-01-24 12:03:12,260 [INFO] action search_movies | where_filter: {"language": "en"} | fetch_k: 250
2026-01-24 12:03:12,355 [INFO] action search_movies | duration 0.0973s | exclude_count 27 | candidates_reranked 223
2026-01-24 12:03:12,356 [INFO] path /users/Shamik Karkhanis/recommendations | method GET | duration 0.1011s | status 200
2026-01-24 12:03:16,547 [INFO] path /users/Shamik Karkhanis/sync | method POST | duration 0.0038s | status 200
2026-01-24 12:03:22,821 [INFO] path /users/Shamik Karkhanis/sync | method POST | duration 0.0045s | status 200
2026-01-24 12:03:24,833 [INFO] path /users/Shamik Karkhanis/sync | method POST | duration 0.0079s | status 200
2026-01-24 12:03:27,500 [INFO] action search_movies | where_filter: {"language": "en"} | fetch_k: 256
2026-01-24 12:03:27,514 [INFO] path /users/Shamik Karkhanis/sync | method POST | duration 0.0024s | status 200
2026-01-24 12:03:27,533 [INFO] action search_movies | duration 0.0362s | exclude_count 36 | candidates_reranked 220
2026-01-24 12:03:27,536 [INFO] path /users/Shamik Karkhanis/recommendations | method GET | duration 0.0478s | status 200
2026-01-24 12:03:32,697 [INFO] path /users/Shamik Karkhanis | method GET | duration 0.0028s | status 200
2026-01-24 12:03:32,738 [INFO] path /onboarding/personas | method GET | duration 0.0009s | status 200
2026-01-24 12:03:32,817 [INFO] action search_movies | where_filter: {"language": "en"} | fetch_k: 257
2026-01-24 12:03:32,847 [INFO] action search_movies | duration 0.0339s | exclude_count 37 | candidates_reranked 220
2026-01-24 12:03:32,848 [INFO] path /users/Shamik Karkhanis/recommendations | method GET | duration 0.0444s | status 200
2026-01-24 12:03:40,409 [INFO] path /users/Shamik Karkhanis | method GET | duration 0.0024s | status 200
2026-01-24 12:03:40,561 [INFO] path /onboarding/personas | method GET | duration 0.0015s | status 200
2026-01-24 12:03:40,595 [INFO] action search_movies | where_filter: {"language": "en"} | fetch_k: 257
2026-01-24 12:03:40,623 [INFO] action search_movies | duration 0.0310s | exclude_count 37 | candidates_reranked 220
2026-01-24 12:03:40,624 [INFO] path /users/Shamik Karkhanis/recommendations | method GET | duration 0.0367s | status 200
2026-01-24 12:03:49,281 [INFO] path /encode | method POST | duration 0.0484s | status 200
2026-01-24 12:03:49,309 [INFO] action search_movies | where_filter: {"language": "en"} | fetch_k: 250
2026-01-24 12:03:49,370 [INFO] action search_movies | duration 0.0624s | exclude_count 0 | candidates_reranked 250
2026-01-24 12:03:49,371 [INFO] path /users/Shamik Karkhanis/recommendations | method GET | duration 0.0663s | status 200
2026-01-24 12:03:57,418 [INFO] path /users/Shamik Karkhanis/sync | method POST | duration 0.0034s | status 200
2026-01-24 12:04:00,976 [INFO] path /users/Shamik Karkhanis/sync | method POST | duration 0.0032s | status 200
2026-01-24 12:04:03,650 [INFO] path /users/Shamik Karkhanis/sync | method POST | duration 0.0157s | status 200
2026-01-24 12:04:04,674 [INFO] action search_movies | where_filter: {"language": "en"} | fetch_k: 250
2026-01-24 12:04:04,698 [INFO] path /users/Shamik Karkhanis/sync | method POST | duration 0.0013s | status 200
2026-01-24 12:04:04,777 [INFO] action search_movies | duration 0.1055s | exclude_count 9 | candidates_reranked 241
2026-01-24 12:04:04,778 [INFO] path /users/Shamik Karkhanis/recommendations | method GET | duration 0.1178s | status 200
2026-01-24 12:04:07,834 [INFO] path /users/Shamik Karkhanis/sync | method POST | duration 0.0028s | status 200
2026-01-24 12:04:11,424 [INFO] path /users/Shamik Karkhanis/sync | method POST | duration 0.0045s | status 200
2026-01-24 12:04:17,381 [INFO] path /users/Shamik Karkhanis/sync | method POST | duration 0.0043s | status 200
2026-01-24 12:04:32,142 [INFO] path /users/Shamik Karkhanis/sync | method POST | duration 0.0042s | status 200
2026-01-24 12:04:43,001 [INFO] path /users/Shamik Karkhanis/sync | method POST | duration 0.0041s | status 200
2026-01-24 12:05:11,963 [INFO] path /users/Shamik Karkhanis/sync | method POST | duration 0.0045s | status 200
2026-01-24 12:05:12,352 [INFO] action search_movies | where_filter: {"language": "en"} | fetch_k: 250
2026-01-24 12:05:12,451 [INFO] action search_movies | duration 0.1015s | exclude_count 28 | candidates_reranked 222
2026-01-24 12:05:12,452 [INFO] path /users/Shamik Karkhanis/recommendations | method GET | duration 0.1074s | status 200
2026-01-24 12:05:12,689 [INFO] path /users/Shamik Karkhanis/sync | method POST | duration 0.0040s | status 200
2026-01-24 12:05:13,480 [INFO] path /users/Shamik Karkhanis/sync | method POST | duration 0.0083s | status 200
2026-01-24 12:05:14,380 [INFO] path /users/Shamik Karkhanis/sync | method POST | duration 0.0047s | status 200
2026-01-24 12:05:18,908 [INFO] path /users/Shamik Karkhanis/sync | method POST | duration 0.0119s | status 200
2026-01-24 12:05:36,432 [INFO] path /users/Shamik Karkhanis/sync | method POST | duration 0.0101s | status 200
2026-01-24 12:05:36,440 [INFO] action search_movies | where_filter: {"language": "en"} | fetch_k: 258
2026-01-24 12:05:36,545 [INFO] action search_movies | duration 0.1086s | exclude_count 38 | candidates_reranked 220
2026-01-24 12:05:36,546 [INFO] path /users/Shamik Karkhanis/recommendations | method GET | duration 0.1241s | status 200
2026-01-24 12:05:41,265 [INFO] path /users/Shamik Karkhanis/sync | method POST | duration 0.0334s | status 200
