2026-01-24 13:06:10,328 [INFO] Starting server run #48. Logging to logs/server_48.log
2026-01-24 13:07:24,910 [INFO] path /users/Shamik Karkhanis | method GET | duration 0.0042s | status 200
2026-01-24 13:07:24,941 [INFO] path /onboarding/personas | method GET | duration 0.0016s | status 200
2026-01-24 13:07:25,051 [INFO] Anonymized telemetry enabled. See                     https://docs.trychroma.com/telemetry for more information.
2026-01-24 13:07:25,174 [INFO] action search_movies | where_filter: {"language": "en"} | fetch_k: 262
2026-01-24 13:07:25,304 [INFO] action search_movies | duration 0.1315s | exclude_count 42 | candidates_reranked 260
2026-01-24 13:07:25,305 [INFO] path /users/Shamik Karkhanis/recommendations | method GET | duration 0.2790s | status 200
2026-01-24 13:07:29,873 [INFO] path /encode | method POST | duration 0.1128s | status 200
2026-01-24 13:07:29,987 [INFO] action search_movies | where_filter: {"language": "en"} | fetch_k: 250
2026-01-24 13:07:30,044 [INFO] action search_movies | duration 0.0585s | exclude_count 0 | candidates_reranked 250
2026-01-24 13:07:30,045 [INFO] path /users/Shamik Karkhanis/recommendations | method GET | duration 0.0618s | status 200
2026-01-24 13:07:38,099 [INFO] path /users/Shamik Karkhanis/sync | method POST | duration 0.0064s | status 200
2026-01-24 13:24:36,794 [INFO] path /users/Shamik Karkhanis | method GET | duration 0.0100s | status 200
2026-01-24 13:24:36,828 [INFO] path /onboarding/personas | method GET | duration 0.0028s | status 200
2026-01-24 13:24:36,966 [INFO] action search_movies | where_filter: {"language": "en"} | fetch_k: 250
2026-01-24 13:24:37,093 [INFO] action search_movies | duration 0.1291s | exclude_count 3 | candidates_reranked 247
2026-01-24 13:24:37,094 [INFO] path /users/Shamik Karkhanis/recommendations | method GET | duration 0.1834s | status 200
2026-01-24 13:24:55,654 [INFO] path /users/Shamik Karkhanis | method GET | duration 0.0014s | status 200
2026-01-24 13:24:55,754 [INFO] action search_movies | where_filter: {"language": "en"} | fetch_k: 250
2026-01-24 13:24:55,793 [INFO] path /onboarding/personas | method GET | duration 0.0009s | status 200
2026-01-24 13:24:55,862 [INFO] action search_movies | duration 0.1105s | exclude_count 3 | candidates_reranked 247
2026-01-24 13:24:55,863 [INFO] path /users/Shamik Karkhanis/recommendations | method GET | duration 0.1186s | status 200
2026-01-24 13:25:48,356 [INFO] path /encode | method POST | duration 0.0794s | status 200
2026-01-24 13:25:48,502 [INFO] action search_movies | where_filter: {"language": "en"} | fetch_k: 250
2026-01-24 13:25:48,610 [INFO] action search_movies | duration 0.1100s | exclude_count 0 | candidates_reranked 250
2026-01-24 13:25:48,611 [INFO] path /users/Shamik Karkhanis/recommendations | method GET | duration 0.1149s | status 200
2026-01-24 13:25:55,414 [INFO] path /users/Shamik Karkhanis | method GET | duration 0.0021s | status 200
2026-01-24 13:25:55,465 [INFO] path /onboarding/personas | method GET | duration 0.0018s | status 200
2026-01-24 13:25:55,499 [INFO] action search_movies | where_filter: {"language": "en"} | fetch_k: 250
2026-01-24 13:25:55,532 [INFO] action search_movies | duration 0.0359s | exclude_count 0 | candidates_reranked 250
2026-01-24 13:25:55,533 [INFO] path /users/Shamik Karkhanis/recommendations | method GET | duration 0.0434s | status 200
2026-01-24 13:27:09,654 [INFO] path /users/Shamik Karkhanis | method GET | duration 0.0063s | status 200
2026-01-24 13:27:09,997 [INFO] path /onboarding/personas | method GET | duration 0.0030s | status 200
2026-01-24 13:27:10,056 [INFO] action search_movies | where_filter: {"language": "en"} | fetch_k: 250
2026-01-24 13:27:10,181 [INFO] action search_movies | duration 0.1281s | exclude_count 0 | candidates_reranked 250
2026-01-24 13:27:10,182 [INFO] path /users/Shamik Karkhanis/recommendations | method GET | duration 0.1488s | status 200
2026-01-24 13:27:12,702 [INFO] path /users/Shamik Karkhanis | method GET | duration 0.0027s | status 200
2026-01-24 13:27:15,332 [INFO] path /users/Shamik Karkhanis/sync | method POST | duration 0.0225s | status 200
2026-01-24 13:31:00,449 [INFO] path /users/Shamik Karkhanis | method GET | duration 0.0097s | status 200
2026-01-24 13:31:00,775 [INFO] path /onboarding/personas | method GET | duration 0.0050s | status 200
2026-01-24 13:31:01,391 [INFO] action search_movies | where_filter: {"language": "en"} | fetch_k: 250
2026-01-24 13:31:01,519 [INFO] action search_movies | duration 0.1309s | exclude_count 3 | candidates_reranked 247
2026-01-24 13:31:01,520 [INFO] path /users/Shamik Karkhanis/recommendations | method GET | duration 0.1830s | status 200
2026-01-24 13:31:02,064 [INFO] path /users/Shamik Karkhanis | method GET | duration 0.0016s | status 200
2026-01-24 13:31:04,475 [INFO] path /users/Shamik Karkhanis/sync | method POST | duration 0.0046s | status 200
2026-01-24 13:31:07,141 [INFO] path /users/Shamik Karkhanis/sync | method POST | duration 0.0045s | status 200
2026-01-24 13:31:14,021 [INFO] path /users/Shamik Karkhanis/watchlist | method POST | duration 0.0075s | status 200
2026-01-24 13:31:15,283 [INFO] path /users/Shamik Karkhanis/sync | method POST | duration 0.0060s | status 200
2026-01-24 13:31:17,943 [INFO] path /users/Shamik Karkhanis | method GET | duration 0.0023s | status 200
2026-01-24 13:31:18,015 [INFO] path /onboarding/personas | method GET | duration 0.0018s | status 200
2026-01-24 13:31:18,210 [INFO] action search_movies | where_filter: {"language": "en"} | fetch_k: 250
2026-01-24 13:31:18,228 [INFO] action search_movies | duration 0.0219s | exclude_count 12 | candidates_reranked 238
2026-01-24 13:31:18,229 [INFO] path /users/Shamik Karkhanis/recommendations | method GET | duration 0.0296s | status 200
2026-01-24 13:31:18,745 [INFO] path /users/Shamik Karkhanis | method GET | duration 0.0022s | status 200
2026-01-24 13:31:26,565 [INFO] path /users/Shamik Karkhanis/sync | method POST | duration 0.0048s | status 200
2026-01-24 13:31:54,255 [INFO] path /users/Shamik | method GET | duration 0.0015s | status 404
2026-01-24 13:31:54,549 [INFO] path /users/Shamik/recommendations | method GET | duration 0.0112s | status 404
2026-01-24 13:31:54,571 [INFO] path /onboarding/personas | method GET | duration 0.0007s | status 200
2026-01-24 13:31:55,417 [INFO] path /users/Shamik | method GET | duration 0.0006s | status 404
2026-01-24 13:31:55,527 [INFO] path /users/Shamik/recommendations | method GET | duration 0.0090s | status 404
2026-01-24 13:31:59,433 [INFO] path /encode | method POST | duration 0.0622s | status 200
2026-01-24 13:31:59,500 [INFO] action search_movies | where_filter: {"language": "en"} | fetch_k: 250
2026-01-24 13:31:59,596 [INFO] action search_movies | duration 0.0981s | exclude_count 0 | candidates_reranked 250
2026-01-24 13:31:59,597 [INFO] path /users/Shamik/recommendations | method GET | duration 0.1019s | status 200
2026-01-24 13:32:16,776 [INFO] path /users/Shamik/sync | method POST | duration 0.0038s | status 200
2026-01-24 13:32:41,739 [INFO] path /users/Shamik/sync | method POST | duration 0.0046s | status 200
2026-01-24 13:32:46,527 [INFO] path /users/Shamik/sync | method POST | duration 0.0089s | status 200
2026-01-24 13:32:47,544 [INFO] action search_movies | where_filter: {"language": "en"} | fetch_k: 250
2026-01-24 13:32:47,600 [INFO] path /users/Shamik/sync | method POST | duration 0.0017s | status 200
2026-01-24 13:32:47,645 [INFO] action search_movies | duration 0.1045s | exclude_count 9 | candidates_reranked 241
2026-01-24 13:32:47,646 [INFO] path /users/Shamik/recommendations | method GET | duration 0.1192s | status 200
2026-01-24 13:32:54,499 [INFO] Initializing SentenceTransformer model...
2026-01-24 13:32:54,571 [INFO] Use pytorch device_name: mps
2026-01-24 13:32:54,571 [INFO] Load pretrained SentenceTransformer: all-MiniLM-L6-v2
2026-01-24 13:32:56,967 [INFO] action encode_user_text | duration 2.4680s
2026-01-24 13:32:56,994 [INFO] path /users/Shamik/ratings | method POST | duration 2.7966s | status 200
2026-01-24 13:32:57,025 [INFO] path /users/Shamik/ratings | method POST | duration 0.0013s | status 200
2026-01-24 13:32:57,220 [INFO] action encode_user_text | duration 0.0100s
2026-01-24 13:32:57,250 [INFO] path /users/Shamik/ratings | method POST | duration 0.1973s | status 200
2026-01-24 13:32:57,273 [INFO] action search_movies | where_filter: {"language": "en"} | fetch_k: 250
2026-01-24 13:32:57,364 [INFO] action search_movies | duration 0.0932s | exclude_count 10 | candidates_reranked 249
2026-01-24 13:32:57,365 [INFO] path /users/Shamik/recommendations | method GET | duration 0.0968s | status 200
2026-01-24 13:33:01,190 [INFO] path /users/Shamik/sync | method POST | duration 0.0016s | status 200
2026-01-24 13:33:05,077 [INFO] action encode_user_text | duration 0.0526s
2026-01-24 13:33:05,101 [INFO] path /users/Shamik/ratings | method POST | duration 0.2600s | status 200
2026-01-24 13:33:09,788 [INFO] action encode_user_text | duration 0.0431s
2026-01-24 13:33:09,811 [INFO] path /users/Shamik/ratings | method POST | duration 0.2549s | status 200
2026-01-24 13:33:10,699 [INFO] path /users/Shamik/sync | method POST | duration 0.0140s | status 200
2026-01-24 13:33:17,142 [INFO] path /users/Shamik/sync | method POST | duration 0.0054s | status 200
2026-01-24 13:33:21,175 [INFO] path /users/Shamik/sync | method POST | duration 0.0116s | status 200
2026-01-24 13:33:24,701 [INFO] path /users/Shamik/sync | method POST | duration 0.0047s | status 200
2026-01-24 13:33:28,812 [INFO] path /users/Shamik/sync | method POST | duration 0.0051s | status 200
2026-01-24 13:33:57,040 [INFO] action encode_user_text | duration 0.0431s
2026-01-24 13:33:57,086 [INFO] path /users/Shamik/ratings | method POST | duration 0.2775s | status 200
2026-01-24 13:33:57,207 [INFO] action search_movies | where_filter: {"language": "en"} | fetch_k: 250
2026-01-24 13:33:57,300 [INFO] action search_movies | duration 0.0944s | exclude_count 28 | candidates_reranked 249
2026-01-24 13:33:57,301 [INFO] path /users/Shamik/recommendations | method GET | duration 0.0985s | status 200
2026-01-24 13:33:59,154 [INFO] path /users/Shamik/sync | method POST | duration 0.0046s | status 200
2026-01-24 13:34:04,757 [INFO] action encode_user_text | duration 0.0357s
2026-01-24 13:34:04,798 [INFO] path /users/Shamik/ratings | method POST | duration 0.2639s | status 200
2026-01-24 13:34:08,436 [INFO] path /users/Shamik/sync | method POST | duration 0.0014s | status 200
2026-01-24 13:34:13,151 [INFO] path /users/Shamik/sync | method POST | duration 0.0017s | status 200
2026-01-24 13:34:17,255 [INFO] action encode_user_text | duration 0.0603s
2026-01-24 13:34:17,281 [INFO] path /users/Shamik/ratings | method POST | duration 0.3468s | status 200
2026-01-24 13:34:19,977 [INFO] path /users/Shamik/sync | method POST | duration 0.0049s | status 200
2026-01-24 13:34:25,424 [INFO] action encode_user_text | duration 0.0375s
2026-01-24 13:34:25,449 [INFO] path /users/Shamik/ratings | method POST | duration 0.2632s | status 200
2026-01-24 13:34:25,521 [INFO] action search_movies | where_filter: {"language": "en"} | fetch_k: 260
2026-01-24 13:34:25,616 [INFO] action search_movies | duration 0.0984s | exclude_count 40 | candidates_reranked 247
2026-01-24 13:34:25,617 [INFO] path /users/Shamik/recommendations | method GET | duration 0.1022s | status 200
2026-01-24 13:34:29,434 [INFO] path /users/Shamik/sync | method POST | duration 0.0052s | status 200
2026-01-24 13:34:32,540 [INFO] path /users/Shamik/sync | method POST | duration 0.0320s | status 200
2026-01-24 13:34:38,721 [INFO] path /users/Shamik/sync | method POST | duration 0.0047s | status 200
2026-01-24 13:34:42,271 [INFO] path /users/Shamik/sync | method POST | duration 0.0024s | status 200
