2026-01-09 18:17:13,925 [INFO] Starting server run #33. Logging to logs/server_33.log
2026-01-09 18:17:28,343 [INFO] path /users/Shamik Karkhanis | method GET | duration 0.0019s | status 200
2026-01-09 18:17:28,631 [INFO] Anonymized telemetry enabled. See                     https://docs.trychroma.com/telemetry for more information.
2026-01-09 18:17:28,631 [INFO] Anonymized telemetry enabled. See                     https://docs.trychroma.com/telemetry for more information.
2026-01-09 18:17:28,826 [INFO] path /onboarding | method GET | duration 0.2827s | status 200
2026-01-09 18:17:28,827 [INFO] action search_movies | where_filter: {"$and": [{"$or": [{"is_Action": true}, {"is_Adventure": true}, {"is_Animation": true}, {"is_Comedy": true}, {"is_Crime": true}, {"is_Drama": true}, {"is_Family": true}, {"is_Fantasy": true}, {"is_Horror": true}, {"is_Mystery": true}, {"is_Science Fiction": true}, {"is_Thriller": true}]}, {"language": "en"}]} | fetch_k: 256
2026-01-09 18:17:29,137 [INFO] action search_movies | duration 0.3149s | exclude_count 36 | candidates_reranked 231
2026-01-09 18:17:29,138 [INFO] path /users/Shamik Karkhanis/recommendations | method GET | duration 0.5839s | status 200
2026-01-09 18:18:18,972 [INFO] path /onboarding | method GET | duration 0.0178s | status 200
2026-01-09 18:18:19,750 [INFO] path /users/Shamik Karkhanis | method GET | duration 0.0023s | status 404
2026-01-09 18:18:19,781 [INFO] action search_movies | where_filter: {"language": "en"} | fetch_k: 250
2026-01-09 18:18:19,862 [INFO] action search_movies | duration 0.0839s | exclude_count 0 | candidates_reranked 250
2026-01-09 18:18:19,862 [INFO] path /users/Shamik Karkhanis/recommendations | method GET | duration 0.0945s | status 200
2026-01-09 18:18:42,393 [INFO] Initializing SentenceTransformer model...
2026-01-09 18:18:42,427 [INFO] Use pytorch device_name: mps
2026-01-09 18:18:42,427 [INFO] Load pretrained SentenceTransformer: all-MiniLM-L6-v2
2026-01-09 18:18:45,025 [INFO] action encode_user_text | duration 2.6316s
2026-01-09 18:18:45,056 [INFO] path /encode | method POST | duration 3.3475s | status 200
2026-01-09 18:18:45,088 [INFO] action search_movies | where_filter: {"$and": [{"$or": [{"is_Action": true}, {"is_Adventure": true}, {"is_Animation": true}, {"is_Horror": true}, {"is_Science Fiction": true}, {"is_Thriller": true}]}, {"language": "en"}]} | fetch_k: 250
2026-01-09 18:18:45,288 [INFO] action search_movies | duration 0.2015s | exclude_count 4 | candidates_reranked 249
2026-01-09 18:18:45,289 [INFO] path /users/Shamik Karkhanis/recommendations | method GET | duration 0.2049s | status 200
2026-01-09 18:18:52,788 [INFO] path /users/Shamik Karkhanis/sync | method POST | duration 0.0057s | status 200
2026-01-09 18:18:56,367 [INFO] path /users/Shamik Karkhanis/sync | method POST | duration 0.0045s | status 200
2026-01-09 18:19:00,342 [INFO] path /users/Shamik Karkhanis/sync | method POST | duration 0.0044s | status 200
2026-01-09 18:19:01,406 [INFO] action search_movies | where_filter: {"$and": [{"$or": [{"is_Action": true}, {"is_Adventure": true}, {"is_Animation": true}, {"is_Horror": true}, {"is_Science Fiction": true}, {"is_Thriller": true}]}, {"language": "en"}]} | fetch_k: 250
2026-01-09 18:19:01,407 [INFO] path /users/Shamik Karkhanis/sync | method POST | duration 0.0082s | status 200
2026-01-09 18:19:01,484 [INFO] action search_movies | duration 0.0829s | exclude_count 13 | candidates_reranked 240
2026-01-09 18:19:01,485 [INFO] path /users/Shamik Karkhanis/recommendations | method GET | duration 0.0943s | status 200
2026-01-09 18:19:05,464 [INFO] path /users/Shamik Karkhanis/sync | method POST | duration 0.0052s | status 200
2026-01-09 18:19:20,522 [INFO] path /users/Shamik Karkhanis/sync | method POST | duration 0.0050s | status 200
2026-01-09 18:19:27,191 [INFO] action encode_user_text | duration 0.1666s
2026-01-09 18:19:27,249 [INFO] path /users/Shamik Karkhanis/ratings | method POST | duration 0.3905s | status 200
2026-01-09 18:19:29,079 [INFO] path /users/Shamik Karkhanis/sync | method POST | duration 0.0051s | status 200
2026-01-09 18:19:33,875 [INFO] path /users/Shamik Karkhanis/sync | method POST | duration 0.0012s | status 200
2026-01-09 18:19:42,130 [INFO] path /users/Shamik Karkhanis/sync | method POST | duration 0.0050s | status 200
2026-01-09 18:19:42,145 [INFO] path /users/Shamik Karkhanis/sync | method POST | duration 0.0042s | status 200
2026-01-09 18:19:43,242 [INFO] action search_movies | where_filter: {"$and": [{"$or": [{"is_Action": true}, {"is_Adventure": true}, {"is_Animation": true}, {"is_Horror": true}, {"is_Science Fiction": true}, {"is_Thriller": true}]}, {"language": "en"}]} | fetch_k: 252
2026-01-09 18:19:43,246 [INFO] path /users/Shamik Karkhanis/sync | method POST | duration 0.0013s | status 200
2026-01-09 18:19:43,446 [INFO] action search_movies | duration 0.2061s | exclude_count 32 | candidates_reranked 223
2026-01-09 18:19:43,447 [INFO] path /users/Shamik Karkhanis/recommendations | method GET | duration 0.2111s | status 200
2026-01-09 18:19:52,380 [INFO] action encode_user_text | duration 0.0606s
2026-01-09 18:19:52,410 [INFO] path /users/Shamik Karkhanis/ratings | method POST | duration 0.3488s | status 200
2026-01-09 18:19:55,224 [INFO] action encode_user_text | duration 0.0412s
2026-01-09 18:19:55,248 [INFO] path /users/Shamik Karkhanis/ratings | method POST | duration 0.1271s | status 200
2026-01-09 18:19:55,262 [INFO] action search_movies | where_filter: {"$and": [{"$or": [{"is_Action": true}, {"is_Adventure": true}, {"is_Animation": true}, {"is_Horror": true}, {"is_Science Fiction": true}, {"is_Thriller": true}]}, {"language": "en"}]} | fetch_k: 255
2026-01-09 18:19:55,461 [INFO] action search_movies | duration 0.2010s | exclude_count 35 | candidates_reranked 223
2026-01-09 18:19:55,462 [INFO] path /users/Shamik Karkhanis/recommendations | method GET | duration 0.2045s | status 200
2026-01-09 18:19:56,443 [INFO] path /users/Shamik Karkhanis/sync | method POST | duration 0.0052s | status 200
2026-01-09 18:20:00,471 [INFO] path /users/Shamik Karkhanis/sync | method POST | duration 0.0052s | status 200
2026-01-09 18:20:04,768 [INFO] action encode_user_text | duration 0.0389s
2026-01-09 18:20:04,794 [INFO] path /users/Shamik Karkhanis/ratings | method POST | duration 0.2193s | status 200
2026-01-09 18:20:07,527 [INFO] action encode_user_text | duration 0.0510s
2026-01-09 18:20:07,549 [INFO] path /users/Shamik Karkhanis/ratings | method POST | duration 0.1403s | status 200
2026-01-09 18:20:08,639 [INFO] path /users/Shamik Karkhanis/sync | method POST | duration 0.0061s | status 200
2026-01-09 18:20:11,409 [INFO] path /users/Shamik Karkhanis/sync | method POST | duration 0.0049s | status 200
2026-01-09 18:20:13,752 [INFO] path /users/Shamik Karkhanis/sync | method POST | duration 0.0051s | status 200
2026-01-09 18:20:28,157 [INFO] path /users/Shamik Karkhanis | method GET | duration 0.0009s | status 404
2026-01-09 18:20:28,188 [INFO] path /onboarding | method GET | duration 0.0104s | status 200
2026-01-09 18:20:28,200 [INFO] action search_movies | where_filter: {"language": "en"} | fetch_k: 250
2026-01-09 18:20:28,273 [INFO] action search_movies | duration 0.0739s | exclude_count 0 | candidates_reranked 250
2026-01-09 18:20:28,273 [INFO] path /users/Shamik Karkhanis/recommendations | method GET | duration 0.0772s | status 200
2026-01-09 18:20:34,978 [INFO] path /users/Shamik Karkhanis | method GET | duration 0.0014s | status 404
2026-01-09 18:20:35,018 [INFO] path /onboarding | method GET | duration 0.0133s | status 200
2026-01-09 18:20:35,024 [INFO] action search_movies | where_filter: {"language": "en"} | fetch_k: 250
2026-01-09 18:20:35,054 [INFO] action search_movies | duration 0.0339s | exclude_count 0 | candidates_reranked 250
2026-01-09 18:20:35,055 [INFO] path /users/Shamik Karkhanis/recommendations | method GET | duration 0.0419s | status 200
2026-01-09 18:20:55,730 [INFO] action encode_user_text | duration 0.2158s
2026-01-09 18:20:55,764 [INFO] path /encode | method POST | duration 0.7315s | status 200
2026-01-09 18:20:55,780 [INFO] action search_movies | where_filter: {"$and": [{"$or": [{"is_Action": true}, {"is_Adventure": true}, {"is_Comedy": true}, {"is_Crime": true}, {"is_Drama": true}, {"is_Science Fiction": true}, {"is_Thriller": true}]}, {"language": "en"}]} | fetch_k: 250
2026-01-09 18:20:55,990 [INFO] action search_movies | duration 0.2117s | exclude_count 4 | candidates_reranked 250
2026-01-09 18:20:55,991 [INFO] path /users/Shamik Karkhanis/recommendations | method GET | duration 0.2152s | status 200
2026-01-09 18:21:05,736 [INFO] path /users/Shamik Karkhanis/sync | method POST | duration 0.0047s | status 200
2026-01-09 18:21:13,740 [INFO] path /users/Shamik Karkhanis/sync | method POST | duration 0.0043s | status 200
2026-01-09 18:21:21,491 [INFO] path /users/Shamik Karkhanis/watchlist | method POST | duration 0.0035s | status 200
2026-01-09 18:21:21,537 [INFO] path /users/Shamik Karkhanis/watchlist/1359 | method DELETE | duration 0.0017s | status 200
2026-01-09 18:21:21,560 [INFO] path /users/Shamik Karkhanis/watchlist | method POST | duration 0.0032s | status 200
2026-01-09 18:21:21,585 [INFO] path /users/Shamik Karkhanis/watchlist/1359 | method DELETE | duration 0.0010s | status 200
2026-01-09 18:21:31,288 [INFO] action encode_user_text | duration 0.1180s
2026-01-09 18:21:31,316 [INFO] path /users/Shamik Karkhanis/ratings | method POST | duration 0.2301s | status 200
2026-01-09 18:21:37,934 [INFO] path /users/Shamik Karkhanis/sync | method POST | duration 0.0043s | status 200
2026-01-09 18:21:39,930 [INFO] action search_movies | where_filter: {"$and": [{"$or": [{"is_Action": true}, {"is_Adventure": true}, {"is_Comedy": true}, {"is_Crime": true}, {"is_Drama": true}, {"is_Science Fiction": true}, {"is_Thriller": true}]}, {"language": "en"}]} | fetch_k: 250
2026-01-09 18:21:39,950 [INFO] path /users/Shamik Karkhanis/sync | method POST | duration 0.0021s | status 200
2026-01-09 18:21:40,151 [INFO] action search_movies | duration 0.2240s | exclude_count 13 | candidates_reranked 241
2026-01-09 18:21:40,151 [INFO] path /users/Shamik Karkhanis/recommendations | method GET | duration 0.2336s | status 200
2026-01-09 18:21:43,230 [INFO] action encode_user_text | duration 0.0492s
2026-01-09 18:21:43,255 [INFO] path /users/Shamik Karkhanis/ratings | method POST | duration 0.2468s | status 200
2026-01-09 18:21:47,339 [INFO] action encode_user_text | duration 0.0857s
2026-01-09 18:21:47,361 [INFO] path /users/Shamik Karkhanis/ratings | method POST | duration 0.1625s | status 200
2026-01-09 18:21:47,381 [INFO] action search_movies | where_filter: {"$and": [{"$or": [{"is_Action": true}, {"is_Adventure": true}, {"is_Comedy": true}, {"is_Crime": true}, {"is_Drama": true}, {"is_Science Fiction": true}, {"is_Thriller": true}]}, {"language": "en"}]} | fetch_k: 250
2026-01-09 18:21:47,588 [INFO] action search_movies | duration 0.2085s | exclude_count 15 | candidates_reranked 239
2026-01-09 18:21:47,589 [INFO] path /users/Shamik Karkhanis/recommendations | method GET | duration 0.2119s | status 200
2026-01-09 18:21:47,607 [INFO] path /users/Shamik Karkhanis/sync | method POST | duration 0.0042s | status 200
2026-01-09 18:21:51,062 [INFO] action encode_user_text | duration 0.0369s
2026-01-09 18:21:51,088 [INFO] path /users/Shamik Karkhanis/ratings | method POST | duration 0.2122s | status 200
2026-01-09 18:21:52,320 [INFO] path /users/Shamik Karkhanis/watchlist | method POST | duration 0.0077s | status 200
2026-01-09 18:21:57,538 [INFO] path /users/Shamik Karkhanis/sync | method POST | duration 0.0049s | status 200
2026-01-09 18:22:01,822 [INFO] path /users/Shamik Karkhanis/watchlist | method POST | duration 0.0050s | status 200
2026-01-09 18:22:04,360 [INFO] path /users/Shamik Karkhanis/sync | method POST | duration 0.0049s | status 200
2026-01-09 18:22:09,612 [INFO] path /users/Shamik Karkhanis/sync | method POST | duration 0.0049s | status 200
2026-01-09 18:22:19,900 [INFO] path /users/Shamik Karkhanis/sync | method POST | duration 0.0070s | status 200
2026-01-09 18:22:28,785 [INFO] path /users/Shamik Karkhanis/sync | method POST | duration 0.0061s | status 200
2026-01-09 18:22:33,192 [INFO] action encode_user_text | duration 0.2163s
2026-01-09 18:22:33,228 [INFO] path /users/Shamik Karkhanis/ratings | method POST | duration 0.4475s | status 200
2026-01-09 18:22:37,564 [INFO] path /users/Shamik Karkhanis/sync | method POST | duration 0.0046s | status 200
2026-01-09 18:22:41,477 [INFO] action search_movies | where_filter: {"$and": [{"$or": [{"is_Action": true}, {"is_Adventure": true}, {"is_Comedy": true}, {"is_Crime": true}, {"is_Drama": true}, {"is_Science Fiction": true}, {"is_Thriller": true}]}, {"language": "en"}]} | fetch_k: 253
2026-01-09 18:22:41,544 [INFO] path /users/Shamik Karkhanis/sync | method POST | duration 0.0026s | status 200
2026-01-09 18:22:41,701 [INFO] action search_movies | duration 0.2253s | exclude_count 33 | candidates_reranked 224
2026-01-09 18:22:41,702 [INFO] path /users/Shamik Karkhanis/recommendations | method GET | duration 0.2343s | status 200
2026-01-09 18:22:44,899 [INFO] path /users/Shamik Karkhanis/sync | method POST | duration 0.0050s | status 200
2026-01-09 18:22:50,449 [INFO] action encode_user_text | duration 0.1697s
2026-01-09 18:22:50,476 [INFO] path /users/Shamik Karkhanis/ratings | method POST | duration 0.3969s | status 200
2026-01-09 18:22:50,497 [INFO] action search_movies | where_filter: {"$and": [{"$or": [{"is_Action": true}, {"is_Adventure": true}, {"is_Comedy": true}, {"is_Crime": true}, {"is_Drama": true}, {"is_Science Fiction": true}, {"is_Thriller": true}]}, {"language": "en"}]} | fetch_k: 259
2026-01-09 18:22:50,699 [INFO] action search_movies | duration 0.2031s | exclude_count 39 | candidates_reranked 224
2026-01-09 18:22:50,699 [INFO] path /users/Shamik Karkhanis/recommendations | method GET | duration 0.2065s | status 200
2026-01-09 18:22:52,535 [INFO] path /users/Shamik Karkhanis/sync | method POST | duration 0.0052s | status 200
2026-01-09 18:22:57,329 [INFO] path /users/Shamik Karkhanis/sync | method POST | duration 0.0054s | status 200
2026-01-09 18:23:04,427 [INFO] path /users/Shamik Karkhanis/sync | method POST | duration 0.0058s | status 200
2026-01-09 18:23:08,857 [INFO] action encode_user_text | duration 0.1775s
2026-01-09 18:23:08,884 [INFO] path /users/Shamik Karkhanis/ratings | method POST | duration 0.2610s | status 200
2026-01-09 18:23:10,835 [INFO] path /users/Shamik Karkhanis/sync | method POST | duration 0.0049s | status 200
2026-01-09 18:23:16,894 [INFO] path /users/Shamik Karkhanis/sync | method POST | duration 0.0065s | status 200
2026-01-09 18:23:20,316 [INFO] action search_movies | where_filter: {"$and": [{"$or": [{"is_Action": true}, {"is_Adventure": true}, {"is_Comedy": true}, {"is_Crime": true}, {"is_Drama": true}, {"is_Science Fiction": true}, {"is_Thriller": true}]}, {"language": "en"}]} | fetch_k: 273
2026-01-09 18:23:20,318 [INFO] path /users/Shamik Karkhanis/sync | method POST | duration 0.0079s | status 200
2026-01-09 18:23:20,528 [INFO] action search_movies | duration 0.2167s | exclude_count 53 | candidates_reranked 224
2026-01-09 18:23:20,529 [INFO] path /users/Shamik Karkhanis/recommendations | method GET | duration 0.2288s | status 200
2026-01-09 18:23:49,669 [INFO] path /users/Shamik Karkhanis/sync | method POST | duration 0.0080s | status 200
2026-01-09 18:24:35,915 [INFO] path /users/Shamik Karkhanis/sync | method POST | duration 0.0055s | status 200
2026-01-09 18:24:48,819 [INFO] path /users/Shamik Karkhanis/sync | method POST | duration 0.0054s | status 200
2026-01-09 18:24:55,458 [INFO] path /users/Shamik Karkhanis/sync | method POST | duration 0.0064s | status 200
2026-01-09 18:25:00,915 [INFO] path /users/Shamik Karkhanis/sync | method POST | duration 0.0055s | status 200
2026-01-09 18:25:05,728 [INFO] path /users/Shamik Karkhanis/sync | method POST | duration 0.0058s | status 200
2026-01-09 18:25:10,335 [INFO] path /users/Shamik Karkhanis/sync | method POST | duration 0.0098s | status 200
2026-01-09 18:25:10,352 [INFO] action search_movies | where_filter: {"$and": [{"$or": [{"is_Action": true}, {"is_Adventure": true}, {"is_Comedy": true}, {"is_Crime": true}, {"is_Drama": true}, {"is_Science Fiction": true}, {"is_Thriller": true}]}, {"language": "en"}]} | fetch_k: 286
2026-01-09 18:25:10,564 [INFO] action search_movies | duration 0.2151s | exclude_count 66 | candidates_reranked 224
2026-01-09 18:25:10,565 [INFO] path /users/Shamik Karkhanis/recommendations | method GET | duration 0.2251s | status 200
2026-01-09 18:25:16,938 [INFO] action encode_user_text | duration 0.1216s
2026-01-09 18:25:16,968 [INFO] path /users/Shamik Karkhanis/ratings | method POST | duration 0.3216s | status 200
2026-01-09 18:25:19,453 [INFO] path /users/Shamik Karkhanis/sync | method POST | duration 0.0054s | status 200
2026-01-09 18:25:23,878 [INFO] path /users/Shamik Karkhanis/sync | method POST | duration 0.0082s | status 200
2026-01-09 18:25:32,670 [INFO] path /users/Shamik Karkhanis/sync | method POST | duration 0.0058s | status 200
2026-01-09 18:27:09,029 [INFO] path /users/Shamik Karkhanis/sync | method POST | duration 0.0069s | status 200
2026-01-09 22:14:29,193 [INFO] action search_movies | where_filter: {"$and": [{"$or": [{"is_Action": true}, {"is_Adventure": true}, {"is_Comedy": true}, {"is_Crime": true}, {"is_Drama": true}, {"is_Science Fiction": true}, {"is_Thriller": true}]}, {"language": "en"}]} | fetch_k: 298
2026-01-09 22:14:29,465 [INFO] action search_movies | duration 0.2753s | exclude_count 78 | candidates_reranked 224
2026-01-09 22:14:29,467 [INFO] path /users/Shamik Karkhanis/recommendations | method GET | duration 0.3380s | status 200
2026-01-09 22:14:29,479 [INFO] action search_movies | where_filter: {"$and": [{"$or": [{"is_Action": true}, {"is_Adventure": true}, {"is_Comedy": true}, {"is_Crime": true}, {"is_Drama": true}, {"is_Science Fiction": true}, {"is_Thriller": true}]}, {"language": "en"}]} | fetch_k: 298
2026-01-09 22:14:29,545 [INFO] action search_movies | duration 0.0672s | exclude_count 78 | candidates_reranked 224
2026-01-09 22:14:29,546 [INFO] path /users/Shamik Karkhanis/recommendations | method GET | duration 0.0702s | status 200
2026-01-09 22:19:45,652 [INFO] path /users/Shamik Karkhanis | method GET | duration 0.0077s | status 200
2026-01-09 22:19:45,668 [INFO] path /onboarding | method GET | duration 0.0207s | status 200
2026-01-09 22:19:45,676 [INFO] action search_movies | where_filter: {"$and": [{"$or": [{"is_Action": true}, {"is_Adventure": true}, {"is_Comedy": true}, {"is_Crime": true}, {"is_Drama": true}, {"is_Science Fiction": true}, {"is_Thriller": true}]}, {"language": "en"}]} | fetch_k: 298
2026-01-09 22:19:45,886 [INFO] action search_movies | duration 0.2120s | exclude_count 78 | candidates_reranked 224
2026-01-09 22:19:45,887 [INFO] path /users/Shamik Karkhanis/recommendations | method GET | duration 0.2184s | status 200
2026-01-09 22:20:38,492 [INFO] action encode_user_text | duration 0.3134s
2026-01-09 22:20:38,537 [INFO] path /encode | method POST | duration 1.2259s | status 200
2026-01-09 22:20:38,557 [INFO] action search_movies | where_filter: {"$and": [{"$or": [{"is_Action": true}, {"is_Adventure": true}, {"is_Comedy": true}, {"is_Drama": true}, {"is_Horror": true}, {"is_Romance": true}, {"is_Science Fiction": true}, {"is_Thriller": true}]}, {"language": "en"}]} | fetch_k: 250
2026-01-09 22:20:38,770 [INFO] action search_movies | duration 0.2154s | exclude_count 5 | candidates_reranked 249
2026-01-09 22:20:38,771 [INFO] path /users/Shamik Karkhanis/recommendations | method GET | duration 0.2189s | status 200
