2026-01-09 12:31:50,212 [INFO] Starting server run #20. Logging to logs/server_20.log
2026-01-09 12:57:11,941 [INFO] path /users/Shamik Karkhanis | method GET | duration 0.0055s | status 200
2026-01-09 12:57:12,219 [INFO] Anonymized telemetry enabled. See                     https://docs.trychroma.com/telemetry for more information.
2026-01-09 12:57:12,219 [INFO] Anonymized telemetry enabled. See                     https://docs.trychroma.com/telemetry for more information.
2026-01-09 12:57:12,331 [INFO] action search_movies | where_filter: {"$and": [{"$or": [{"is_Action": true}, {"is_Adventure": true}, {"is_Classic": true}, {"is_Crime": true}, {"is_Drama": true}, {"is_Music": true}, {"is_Mystery": true}, {"is_Romance": true}, {"is_Sci\u2011Fi": true}, {"is_Thriller": true}]}, {"language": "en"}]} | fetch_k: 342
2026-01-09 12:57:12,332 [INFO] path /onboarding | method GET | duration 0.2083s | status 200
2026-01-09 12:57:12,612 [INFO] action search_movies | duration 0.2836s | exclude_count 122 | candidates_reranked 232
2026-01-09 12:57:12,613 [INFO] path /users/Shamik Karkhanis/recommendations | method GET | duration 0.4793s | status 200
2026-01-09 12:58:07,228 [INFO] Initializing SentenceTransformer model...
2026-01-09 12:58:07,259 [INFO] Use pytorch device_name: mps
2026-01-09 12:58:07,260 [INFO] Load pretrained SentenceTransformer: all-MiniLM-L6-v2
2026-01-09 12:58:09,769 [INFO] action encode_user_text | duration 2.5404s
2026-01-09 12:58:09,801 [INFO] path /encode | method POST | duration 3.1349s | status 200
2026-01-09 12:58:10,052 [INFO] action search_movies | where_filter: {"$and": [{"$or": [{"is_Action": true}, {"is_Adventure": true}, {"is_Animation": true}, {"is_Comedy": true}, {"is_Crime": true}, {"is_Drama": true}, {"is_Family": true}, {"is_Fantasy": true}, {"is_Horror": true}, {"is_Mystery": true}, {"is_Science Fiction": true}, {"is_Thriller": true}]}, {"language": "en"}]} | fetch_k: 250
2026-01-09 12:58:10,292 [INFO] action search_movies | duration 0.2433s | exclude_count 7 | candidates_reranked 250
2026-01-09 12:58:10,293 [INFO] path /users/Shamik Karkhanis/recommendations | method GET | duration 0.2547s | status 200
2026-01-09 12:58:23,985 [INFO] path /users/Shamik Karkhanis/ratings | method POST | duration 0.0065s | status 200
2026-01-09 12:58:27,748 [INFO] path /users/Shamik Karkhanis/sync | method POST | duration 0.0060s | status 200
2026-01-09 12:58:31,843 [INFO] path /users/Shamik Karkhanis/sync | method POST | duration 0.0049s | status 200
2026-01-09 12:58:36,761 [INFO] path /users/Shamik Karkhanis/watchlist | method POST | duration 0.0061s | status 200
2026-01-09 12:58:39,319 [INFO] path /users/Shamik Karkhanis/sync | method POST | duration 0.0057s | status 200
2026-01-09 12:58:44,939 [INFO] action encode_user_text | duration 0.0498s
2026-01-09 12:58:44,963 [INFO] path /users/Shamik Karkhanis/ratings | method POST | duration 0.2135s | status 200
2026-01-09 12:58:47,232 [INFO] path /users/Shamik Karkhanis/sync | method POST | duration 0.0041s | status 200
2026-01-09 12:58:51,401 [INFO] path /users/Shamik Karkhanis/ratings | method POST | duration 0.0047s | status 200
2026-01-09 12:58:51,423 [INFO] action search_movies | where_filter: {"$and": [{"$or": [{"is_Action": true}, {"is_Adventure": true}, {"is_Animation": true}, {"is_Comedy": true}, {"is_Crime": true}, {"is_Drama": true}, {"is_Family": true}, {"is_Fantasy": true}, {"is_Horror": true}, {"is_Mystery": true}, {"is_Science Fiction": true}, {"is_Thriller": true}]}, {"language": "en"}]} | fetch_k: 250
2026-01-09 12:58:51,662 [INFO] action search_movies | duration 0.2417s | exclude_count 20 | candidates_reranked 237
2026-01-09 12:58:51,663 [INFO] path /users/Shamik Karkhanis/recommendations | method GET | duration 0.2513s | status 200
2026-01-09 12:58:52,337 [INFO] path /users/Shamik Karkhanis/sync | method POST | duration 0.0045s | status 200
2026-01-09 12:58:55,328 [INFO] action encode_user_text | duration 0.0518s
2026-01-09 12:58:55,348 [INFO] path /users/Shamik Karkhanis/ratings | method POST | duration 0.1625s | status 200
2026-01-09 12:58:59,288 [INFO] path /users/Shamik Karkhanis/ratings | method POST | duration 0.0051s | status 200
2026-01-09 12:59:00,618 [INFO] path /users/Shamik Karkhanis/sync | method POST | duration 0.0045s | status 200
2026-01-09 12:59:04,099 [INFO] path /users/Shamik Karkhanis/sync | method POST | duration 0.0045s | status 200
2026-01-09 12:59:07,992 [INFO] path /users/Shamik Karkhanis/ratings | method POST | duration 0.0053s | status 200
2026-01-09 12:59:08,089 [INFO] action search_movies | where_filter: {"$and": [{"$or": [{"is_Action": true}, {"is_Adventure": true}, {"is_Animation": true}, {"is_Comedy": true}, {"is_Crime": true}, {"is_Drama": true}, {"is_Family": true}, {"is_Fantasy": true}, {"is_Horror": true}, {"is_Mystery": true}, {"is_Science Fiction": true}, {"is_Thriller": true}]}, {"language": "en"}]} | fetch_k: 250
2026-01-09 12:59:08,315 [INFO] action search_movies | duration 0.2271s | exclude_count 29 | candidates_reranked 228
2026-01-09 12:59:08,315 [INFO] path /users/Shamik Karkhanis/recommendations | method GET | duration 0.2350s | status 200
2026-01-09 12:59:09,116 [INFO] path /users/Shamik Karkhanis/sync | method POST | duration 0.0042s | status 200
2026-01-09 12:59:12,247 [INFO] action encode_user_text | duration 0.0498s
2026-01-09 12:59:12,269 [INFO] path /users/Shamik Karkhanis/ratings | method POST | duration 0.1570s | status 200
2026-01-09 12:59:22,798 [INFO] path /users/Shamik Karkhanis/sync | method POST | duration 0.0049s | status 200
2026-01-09 12:59:25,637 [INFO] path /users/Shamik Karkhanis/ratings | method POST | duration 0.0047s | status 200
2026-01-09 12:59:29,700 [INFO] path /users/Shamik Karkhanis/sync | method POST | duration 0.0038s | status 200
2026-01-09 12:59:32,260 [INFO] path /users/Shamik Karkhanis/sync | method POST | duration 0.0043s | status 200
2026-01-09 12:59:35,376 [INFO] path /users/Shamik Karkhanis/sync | method POST | duration 0.0047s | status 200
2026-01-09 12:59:38,429 [INFO] path /users/Shamik Karkhanis/ratings | method POST | duration 0.0053s | status 200
2026-01-09 12:59:38,538 [INFO] action search_movies | where_filter: {"$and": [{"$or": [{"is_Action": true}, {"is_Adventure": true}, {"is_Animation": true}, {"is_Comedy": true}, {"is_Crime": true}, {"is_Drama": true}, {"is_Family": true}, {"is_Fantasy": true}, {"is_Horror": true}, {"is_Mystery": true}, {"is_Science Fiction": true}, {"is_Thriller": true}]}, {"language": "en"}]} | fetch_k: 263
2026-01-09 12:59:38,797 [INFO] action search_movies | duration 0.2620s | exclude_count 43 | candidates_reranked 227
2026-01-09 12:59:38,798 [INFO] path /users/Shamik Karkhanis/recommendations | method GET | duration 0.2710s | status 200
2026-01-09 12:59:40,862 [INFO] path /users/Shamik Karkhanis/sync | method POST | duration 0.0049s | status 200
2026-01-09 12:59:46,046 [INFO] action encode_user_text | duration 0.0421s
2026-01-09 12:59:46,071 [INFO] path /users/Shamik Karkhanis/ratings | method POST | duration 0.2130s | status 200
2026-01-09 12:59:46,911 [INFO] path /users/Shamik Karkhanis/sync | method POST | duration 0.0051s | status 200
2026-01-09 12:59:49,863 [INFO] path /users/Shamik Karkhanis/sync | method POST | duration 0.0045s | status 200
2026-01-09 12:59:52,746 [INFO] path /users/Shamik Karkhanis/sync | method POST | duration 0.0048s | status 200
2026-01-09 12:59:55,071 [INFO] path /users/Shamik Karkhanis/sync | method POST | duration 0.0052s | status 200
2026-01-09 12:59:57,516 [INFO] path /users/Shamik Karkhanis/sync | method POST | duration 0.0049s | status 200
2026-01-09 12:59:59,875 [INFO] action search_movies | where_filter: {"$and": [{"$or": [{"is_Action": true}, {"is_Adventure": true}, {"is_Animation": true}, {"is_Comedy": true}, {"is_Crime": true}, {"is_Drama": true}, {"is_Family": true}, {"is_Fantasy": true}, {"is_Horror": true}, {"is_Mystery": true}, {"is_Science Fiction": true}, {"is_Thriller": true}]}, {"language": "en"}]} | fetch_k: 281
2026-01-09 12:59:59,893 [INFO] path /users/Shamik Karkhanis/sync | method POST | duration 0.0019s | status 200
2026-01-09 13:00:00,117 [INFO] action search_movies | duration 0.2453s | exclude_count 61 | candidates_reranked 227
2026-01-09 13:00:00,118 [INFO] path /users/Shamik Karkhanis/recommendations | method GET | duration 0.2562s | status 200
2026-01-09 13:00:09,325 [INFO] path /users/Shamik Karkhanis/sync | method POST | duration 0.0053s | status 200
2026-01-09 13:00:19,797 [INFO] path /users/Shamik Karkhanis/sync | method POST | duration 0.0048s | status 200
2026-01-09 13:00:23,582 [INFO] action encode_user_text | duration 0.0351s
2026-01-09 13:00:23,605 [INFO] path /users/Shamik Karkhanis/ratings | method POST | duration 0.1486s | status 200
2026-01-09 13:00:26,838 [INFO] path /users/Shamik Karkhanis/sync | method POST | duration 0.0040s | status 200
2026-01-09 13:00:30,364 [INFO] path /users/Shamik Karkhanis/sync | method POST | duration 0.0051s | status 200
2026-01-09 13:00:35,341 [INFO] path /users/Shamik Karkhanis/sync | method POST | duration 0.0052s | status 200
2026-01-09 13:00:37,643 [INFO] action encode_user_text | duration 0.0416s
2026-01-09 13:00:37,666 [INFO] path /users/Shamik Karkhanis/ratings | method POST | duration 0.2234s | status 200
2026-01-09 13:00:37,679 [INFO] action search_movies | where_filter: {"$and": [{"$or": [{"is_Action": true}, {"is_Adventure": true}, {"is_Animation": true}, {"is_Comedy": true}, {"is_Crime": true}, {"is_Drama": true}, {"is_Family": true}, {"is_Fantasy": true}, {"is_Horror": true}, {"is_Mystery": true}, {"is_Science Fiction": true}, {"is_Thriller": true}]}, {"language": "en"}]} | fetch_k: 299
2026-01-09 13:00:37,899 [INFO] action search_movies | duration 0.2206s | exclude_count 79 | candidates_reranked 227
2026-01-09 13:00:37,899 [INFO] path /users/Shamik Karkhanis/recommendations | method GET | duration 0.2236s | status 200
2026-01-09 13:00:41,484 [INFO] path /users/Shamik Karkhanis/sync | method POST | duration 0.0054s | status 200
2026-01-09 13:00:44,864 [INFO] path /users/Shamik Karkhanis/sync | method POST | duration 0.0049s | status 200
2026-01-09 13:00:48,023 [INFO] path /users/Shamik Karkhanis/sync | method POST | duration 0.0041s | status 200
2026-01-09 13:00:51,211 [INFO] path /users/Shamik Karkhanis/sync | method POST | duration 0.0052s | status 200
2026-01-09 13:00:53,612 [INFO] action encode_user_text | duration 0.0390s
2026-01-09 13:00:53,634 [INFO] path /users/Shamik Karkhanis/ratings | method POST | duration 0.1751s | status 200
2026-01-09 13:01:00,639 [INFO] action encode_user_text | duration 0.0581s
2026-01-09 13:01:00,662 [INFO] path /users/Shamik Karkhanis/ratings | method POST | duration 0.3920s | status 200
2026-01-09 13:01:00,711 [INFO] path /users/Shamik Karkhanis/sync | method POST | duration 0.0010s | status 200
2026-01-09 13:01:04,034 [INFO] path /users/Shamik Karkhanis/sync | method POST | duration 0.0050s | status 200
2026-01-09 13:01:06,483 [INFO] action search_movies | where_filter: {"$and": [{"$or": [{"is_Action": true}, {"is_Adventure": true}, {"is_Animation": true}, {"is_Comedy": true}, {"is_Crime": true}, {"is_Drama": true}, {"is_Family": true}, {"is_Fantasy": true}, {"is_Horror": true}, {"is_Mystery": true}, {"is_Science Fiction": true}, {"is_Thriller": true}]}, {"language": "en"}]} | fetch_k: 317
2026-01-09 13:01:06,489 [INFO] path /users/Shamik Karkhanis/sync | method POST | duration 0.0035s | status 200
2026-01-09 13:01:06,720 [INFO] action search_movies | duration 0.2401s | exclude_count 97 | candidates_reranked 227
2026-01-09 13:01:06,721 [INFO] path /users/Shamik Karkhanis/recommendations | method GET | duration 0.2506s | status 200
2026-01-09 13:01:11,609 [INFO] action encode_user_text | duration 0.0535s
2026-01-09 13:01:11,634 [INFO] path /users/Shamik Karkhanis/ratings | method POST | duration 0.3688s | status 200
2026-01-09 13:01:11,726 [INFO] action search_movies | where_filter: {"$and": [{"$or": [{"is_Action": true}, {"is_Adventure": true}, {"is_Animation": true}, {"is_Comedy": true}, {"is_Crime": true}, {"is_Drama": true}, {"is_Family": true}, {"is_Fantasy": true}, {"is_Horror": true}, {"is_Mystery": true}, {"is_Science Fiction": true}, {"is_Thriller": true}]}, {"language": "en"}]} | fetch_k: 320
2026-01-09 13:01:11,840 [INFO] action search_movies | duration 0.1155s | exclude_count 100 | candidates_reranked 227
2026-01-09 13:01:11,841 [INFO] path /users/Shamik Karkhanis/recommendations | method GET | duration 0.1196s | status 200
2026-01-09 13:01:13,486 [INFO] path /users/Shamik Karkhanis/sync | method POST | duration 0.0054s | status 200
2026-01-09 13:01:21,058 [INFO] action encode_user_text | duration 0.0570s
2026-01-09 13:01:21,083 [INFO] path /users/Shamik Karkhanis/ratings | method POST | duration 0.1673s | status 200
2026-01-09 13:01:21,160 [INFO] path /users/Shamik Karkhanis/sync | method POST | duration 0.0016s | status 200
2026-01-09 13:01:25,933 [INFO] action encode_user_text | duration 0.0406s
2026-01-09 13:01:25,954 [INFO] path /users/Shamik Karkhanis/ratings | method POST | duration 0.2408s | status 200
2026-01-09 13:01:28,382 [INFO] path /users/Shamik Karkhanis/sync | method POST | duration 0.0050s | status 200
2026-01-09 13:01:31,672 [INFO] path /users/Shamik Karkhanis/sync | method POST | duration 0.0053s | status 200
2026-01-09 13:01:36,073 [INFO] action encode_user_text | duration 0.0552s
2026-01-09 13:01:36,099 [INFO] path /users/Shamik Karkhanis/ratings | method POST | duration 0.2669s | status 200
2026-01-09 13:01:36,113 [INFO] action search_movies | where_filter: {"$and": [{"$or": [{"is_Action": true}, {"is_Adventure": true}, {"is_Animation": true}, {"is_Comedy": true}, {"is_Crime": true}, {"is_Drama": true}, {"is_Family": true}, {"is_Fantasy": true}, {"is_Horror": true}, {"is_Mystery": true}, {"is_Science Fiction": true}, {"is_Thriller": true}]}, {"language": "en"}]} | fetch_k: 332
2026-01-09 13:01:36,339 [INFO] action search_movies | duration 0.2275s | exclude_count 112 | candidates_reranked 227
2026-01-09 13:01:36,340 [INFO] path /users/Shamik Karkhanis/recommendations | method GET | duration 0.2307s | status 200
2026-01-09 13:01:37,556 [INFO] path /users/Shamik Karkhanis/sync | method POST | duration 0.0053s | status 200
2026-01-09 13:01:41,694 [INFO] path /users/Shamik Karkhanis/sync | method POST | duration 0.0048s | status 200
2026-01-09 13:01:45,207 [INFO] path /users/Shamik Karkhanis/sync | method POST | duration 0.0043s | status 200
2026-01-09 13:01:48,476 [INFO] path /users/Shamik Karkhanis/sync | method POST | duration 0.0052s | status 200
2026-01-09 13:01:51,137 [INFO] action encode_user_text | duration 0.0409s
2026-01-09 13:01:51,161 [INFO] path /users/Shamik Karkhanis/ratings | method POST | duration 0.1527s | status 200
2026-01-09 13:01:54,293 [INFO] path /users/Shamik Karkhanis/sync | method POST | duration 0.0056s | status 200
2026-01-09 13:01:57,464 [INFO] path /users/Shamik Karkhanis/sync | method POST | duration 0.0051s | status 200
2026-01-09 13:05:58,568 [INFO] action encode_user_text | duration 0.0609s
2026-01-09 13:05:58,590 [INFO] path /users/Shamik Karkhanis/ratings | method POST | duration 0.4664s | status 200
2026-01-09 13:05:59,387 [INFO] action search_movies | where_filter: {"$and": [{"$or": [{"is_Action": true}, {"is_Adventure": true}, {"is_Animation": true}, {"is_Comedy": true}, {"is_Crime": true}, {"is_Drama": true}, {"is_Family": true}, {"is_Fantasy": true}, {"is_Horror": true}, {"is_Mystery": true}, {"is_Science Fiction": true}, {"is_Thriller": true}]}, {"language": "en"}]} | fetch_k: 350
2026-01-09 13:05:59,389 [INFO] path /users/Shamik Karkhanis/sync | method POST | duration 0.0060s | status 200
2026-01-09 13:05:59,617 [INFO] action search_movies | duration 0.2339s | exclude_count 130 | candidates_reranked 227
2026-01-09 13:05:59,618 [INFO] path /users/Shamik Karkhanis/recommendations | method GET | duration 0.2453s | status 200
2026-01-09 13:06:10,218 [INFO] action encode_user_text | duration 0.0431s
2026-01-09 13:06:10,240 [INFO] path /users/Shamik Karkhanis/ratings | method POST | duration 0.2509s | status 200
2026-01-09 13:06:10,308 [INFO] action search_movies | where_filter: {"$and": [{"$or": [{"is_Action": true}, {"is_Adventure": true}, {"is_Animation": true}, {"is_Comedy": true}, {"is_Crime": true}, {"is_Drama": true}, {"is_Family": true}, {"is_Fantasy": true}, {"is_Horror": true}, {"is_Mystery": true}, {"is_Science Fiction": true}, {"is_Thriller": true}]}, {"language": "en"}]} | fetch_k: 352
2026-01-09 13:06:10,407 [INFO] action search_movies | duration 0.1006s | exclude_count 132 | candidates_reranked 227
2026-01-09 13:06:10,408 [INFO] path /users/Shamik Karkhanis/recommendations | method GET | duration 0.1041s | status 200
2026-01-09 13:06:19,331 [INFO] action encode_user_text | duration 0.0351s
2026-01-09 13:06:19,351 [INFO] path /users/Shamik Karkhanis/ratings | method POST | duration 0.1375s | status 200
2026-01-09 13:06:22,755 [INFO] path /users/Shamik Karkhanis/sync | method POST | duration 0.0065s | status 200
2026-01-09 13:06:26,575 [INFO] path /users/Shamik Karkhanis/sync | method POST | duration 0.0056s | status 200
2026-01-09 13:06:32,729 [INFO] path /users/Shamik Karkhanis/sync | method POST | duration 0.0048s | status 200
2026-01-09 13:06:36,916 [INFO] path /users/Shamik Karkhanis/sync | method POST | duration 0.0054s | status 200
2026-01-09 13:06:39,374 [INFO] path /users/Shamik Karkhanis/sync | method POST | duration 0.0048s | status 200
