2026-01-08 11:40:12,794 [INFO] Starting server run #4. Logging to logs/server_4.log
2026-01-08 11:40:36,721 [INFO] Use pytorch device_name: mps
2026-01-08 11:40:36,721 [INFO] Load pretrained SentenceTransformer: all-MiniLM-L6-v2
2026-01-08 11:40:38,790 [INFO] action encode_user_text | duration 2.0887s
2026-01-08 11:40:38,814 [INFO] Anonymized telemetry enabled. See                     https://docs.trychroma.com/telemetry for more information.
2026-01-08 11:40:38,927 [INFO] path /encode | method POST | duration 2.3899s | status 200
2026-01-08 11:40:39,288 [INFO] action search_movies | duration 0.2397s | exclude_count 1
2026-01-08 11:40:39,289 [INFO] path /users/Shamik Karkhanis/recommendations | method GET | duration 0.2589s | status 200
2026-01-08 11:40:51,315 [INFO] path /users/Shamik Karkhanis/sync | method POST | duration 0.0061s | status 200
2026-01-08 11:40:55,499 [INFO] path /users/Shamik Karkhanis/sync | method POST | duration 0.0046s | status 200
2026-01-08 11:40:58,925 [INFO] path /users/Shamik Karkhanis/sync | method POST | duration 0.0041s | status 200
2026-01-08 11:41:05,132 [INFO] path /users/Shamik Karkhanis/sync | method POST | duration 0.0041s | status 200
2026-01-08 11:41:16,795 [INFO] path /users/Shamik Karkhanis/sync | method POST | duration 0.0027s | status 200
2026-01-08 11:41:23,898 [INFO] path /users/Shamik Karkhanis/sync | method POST | duration 0.0047s | status 200
2026-01-08 11:41:26,371 [INFO] path /users/Shamik Karkhanis/sync | method POST | duration 0.0059s | status 200
2026-01-08 11:41:26,550 [INFO] action search_movies | duration 0.1646s | exclude_count 21
2026-01-08 11:41:26,550 [INFO] path /users/Shamik Karkhanis/recommendations | method GET | duration 0.1748s | status 200
2026-01-08 11:41:33,313 [INFO] path /users/Shamik Karkhanis/sync | method POST | duration 0.0046s | status 200
2026-01-08 11:41:38,680 [INFO] path /users/Shamik Karkhanis/sync | method POST | duration 0.0047s | status 200
2026-01-08 11:41:42,721 [INFO] path /users/Shamik Karkhanis/sync | method POST | duration 0.0042s | status 200
2026-01-08 11:41:45,995 [INFO] path /users/Shamik Karkhanis/sync | method POST | duration 0.0038s | status 200
2026-01-08 11:41:55,337 [INFO] path /users/Shamik Karkhanis/sync | method POST | duration 0.0042s | status 200
2026-01-08 11:41:58,895 [INFO] path /users/Shamik Karkhanis/sync | method POST | duration 0.0035s | status 200
2026-01-08 11:42:00,451 [INFO] path /users/Shamik Karkhanis/sync | method POST | duration 0.0014s | status 200
2026-01-08 11:42:00,603 [INFO] action search_movies | duration 0.1604s | exclude_count 39
2026-01-08 11:42:00,604 [INFO] path /users/Shamik Karkhanis/recommendations | method GET | duration 0.1732s | status 200
2026-01-08 11:42:03,606 [INFO] path /users/Shamik Karkhanis/sync | method POST | duration 0.0041s | status 200
