2026-01-24 15:28:13,476 [INFO] Starting server run #61. Logging to logs/server_61.log
2026-01-24 15:28:33,433 [INFO] path /users/Shamik | method GET | duration 0.0020s | status 200
2026-01-24 15:28:33,841 [INFO] path /onboarding/personas | method GET | duration 0.0015s | status 200
2026-01-24 15:28:34,020 [INFO] Anonymized telemetry enabled. See                     https://docs.trychroma.com/telemetry for more information.
2026-01-24 15:28:34,087 [INFO] action search_movies | where_filter: {"$and": [{"language": "en"}, {"year": {"$gte": 1995}}]} | fetch_k: 356
2026-01-24 15:28:34,149 [INFO] action search_movies | duration 0.0633s | exclude_count 136 | candidates_reranked 268
2026-01-24 15:28:34,150 [INFO] path /users/Shamik/recommendations | method GET | duration 0.1628s | status 200
2026-01-24 15:28:36,418 [INFO] path /users/Shamik | method GET | duration 0.0019s | status 200
2026-01-24 15:28:38,179 [INFO] path /movies/batch | method POST | duration 4.1881s | status 200
2026-01-24 15:28:40,643 [INFO] path /movies/batch | method POST | duration 4.2008s | status 200
2026-01-24 15:28:43,234 [INFO] path /users/Shamik/sync | method POST | duration 0.0073s | status 200
2026-01-24 15:28:46,003 [INFO] Initializing SentenceTransformer model...
2026-01-24 15:28:46,018 [INFO] Use pytorch device_name: mps
2026-01-24 15:28:46,018 [INFO] Load pretrained SentenceTransformer: all-MiniLM-L6-v2
2026-01-24 15:28:47,878 [INFO] action encode_user_text | duration 1.8749s
2026-01-24 15:28:47,901 [INFO] path /users/Shamik/ratings | method POST | duration 2.0453s | status 200
2026-01-24 15:28:50,857 [INFO] path /users/Shamik/sync | method POST | duration 0.0395s | status 200
2026-01-24 15:28:54,841 [INFO] path /users/Shamik/sync | method POST | duration 0.0058s | status 200
2026-01-24 15:29:00,841 [INFO] path /users/Shamik/sync | method POST | duration 0.0105s | status 200
2026-01-24 15:29:00,846 [INFO] action search_movies | where_filter: {"$and": [{"language": "en"}, {"year": {"$gte": 1995}}]} | fetch_k: 364
2026-01-24 15:29:00,921 [INFO] action search_movies | duration 0.0785s | exclude_count 144 | candidates_reranked 267
2026-01-24 15:29:00,922 [INFO] path /users/Shamik/recommendations | method GET | duration 0.0925s | status 200
2026-01-24 15:29:04,504 [INFO] path /users/Shamik/ratings | method POST | duration 0.0155s | status 200
2026-01-24 15:29:11,557 [INFO] path /users/Shamik/sync | method POST | duration 0.0043s | status 200
2026-01-24 15:29:16,428 [INFO] action encode_user_text | duration 0.0753s
2026-01-24 15:29:16,452 [INFO] path /users/Shamik/ratings | method POST | duration 0.2849s | status 200
2026-01-24 15:29:16,502 [INFO] action search_movies | where_filter: {"$and": [{"language": "en"}, {"year": {"$gte": 1995}}]} | fetch_k: 370
2026-01-24 15:29:16,573 [INFO] action search_movies | duration 0.0733s | exclude_count 150 | candidates_reranked 266
2026-01-24 15:29:16,574 [INFO] path /users/Shamik/recommendations | method GET | duration 0.0770s | status 200
2026-01-24 15:29:16,652 [INFO] path /users/Shamik/sync | method POST | duration 0.0016s | status 200
2026-01-24 15:29:23,458 [INFO] path /users/Shamik/sync | method POST | duration 0.0050s | status 200
2026-01-24 15:29:28,450 [INFO] path /users/Shamik/sync | method POST | duration 0.0054s | status 200
2026-01-24 15:29:32,043 [INFO] path /users/Shamik/sync | method POST | duration 0.0040s | status 200
2026-01-24 15:29:37,776 [INFO] path /users/Shamik/sync | method POST | duration 0.0197s | status 200
2026-01-24 15:29:42,501 [INFO] path /users/Shamik/sync | method POST | duration 0.0123s | status 200
2026-01-24 15:29:44,086 [INFO] action encode_user_text | duration 0.0755s
2026-01-24 15:29:44,128 [INFO] path /users/Shamik/ratings | method POST | duration 0.3137s | status 200
2026-01-24 15:29:46,208 [INFO] path /users/Shamik/sync | method POST | duration 0.0250s | status 200
2026-01-24 15:29:59,917 [INFO] path /users/Shamik/sync | method POST | duration 0.0054s | status 200
2026-01-24 15:30:01,880 [INFO] action search_movies | where_filter: {"$and": [{"language": "en"}, {"year": {"$gte": 1995}}]} | fetch_k: 388
2026-01-24 15:30:01,904 [INFO] path /users/Shamik/sync | method POST | duration 0.0025s | status 200
2026-01-24 15:30:01,960 [INFO] action search_movies | duration 0.0840s | exclude_count 168 | candidates_reranked 264
2026-01-24 15:30:01,961 [INFO] path /users/Shamik/recommendations | method GET | duration 0.0945s | status 200
2026-01-24 15:30:06,265 [INFO] action encode_user_text | duration 0.0386s
2026-01-24 15:30:06,292 [INFO] path /users/Shamik/ratings | method POST | duration 0.3572s | status 200
2026-01-24 15:30:07,893 [INFO] path /users/Shamik/sync | method POST | duration 0.0133s | status 200
2026-01-24 15:30:12,230 [INFO] action encode_user_text | duration 0.0327s
2026-01-24 15:30:12,255 [INFO] path /users/Shamik/ratings | method POST | duration 0.2788s | status 200
2026-01-24 15:30:12,426 [INFO] action search_movies | where_filter: {"$and": [{"language": "en"}, {"year": {"$gte": 1995}}]} | fetch_k: 394
2026-01-24 15:30:12,464 [INFO] action search_movies | duration 0.0387s | exclude_count 174 | candidates_reranked 264
2026-01-24 15:30:12,464 [INFO] path /users/Shamik/recommendations | method GET | duration 0.0431s | status 200
2026-01-24 15:30:14,260 [INFO] path /users/Shamik/sync | method POST | duration 0.0152s | status 200
2026-01-24 15:30:18,741 [INFO] path /users/Shamik/ratings | method POST | duration 0.0065s | status 200
2026-01-24 15:30:20,763 [INFO] path /users/Shamik/sync | method POST | duration 0.0224s | status 200
2026-01-24 15:30:25,602 [INFO] action encode_user_text | duration 0.0334s
2026-01-24 15:30:25,629 [INFO] path /users/Shamik/ratings | method POST | duration 0.2400s | status 200
2026-01-24 15:30:26,423 [INFO] path /users/Shamik/sync | method POST | duration 0.0022s | status 200
2026-01-24 15:30:29,741 [INFO] path /users/Shamik/sync | method POST | duration 0.0053s | status 200
2026-01-24 15:30:33,072 [INFO] action encode_user_text | duration 0.0364s
2026-01-24 15:30:33,099 [INFO] path /users/Shamik/ratings | method POST | duration 0.2544s | status 200
2026-01-24 15:30:33,135 [INFO] action search_movies | where_filter: {"$and": [{"language": "en"}, {"year": {"$gte": 1995}}]} | fetch_k: 405
2026-01-24 15:30:33,170 [INFO] action search_movies | duration 0.0366s | exclude_count 185 | candidates_reranked 264
2026-01-24 15:30:33,171 [INFO] path /users/Shamik/recommendations | method GET | duration 0.0401s | status 200
2026-01-24 15:30:34,923 [INFO] path /users/Shamik/sync | method POST | duration 0.0056s | status 200
2026-01-24 15:30:39,636 [INFO] path /users/Shamik/sync | method POST | duration 0.0115s | status 200
2026-01-24 15:30:45,403 [INFO] path /users/Shamik/sync | method POST | duration 0.0057s | status 200
2026-01-24 15:30:50,676 [INFO] path /users/Shamik/sync | method POST | duration 0.0030s | status 200
2026-01-24 15:30:54,486 [INFO] path /users/Shamik/sync | method POST | duration 0.0147s | status 200
2026-01-24 15:31:09,739 [INFO] path /users/Shamik/sync | method POST | duration 0.0053s | status 200
2026-01-24 15:31:25,251 [INFO] path /users/Shamik/sync | method POST | duration 0.0058s | status 200
2026-01-24 15:31:25,288 [INFO] path /users/Shamik/sync | method POST | duration 0.0019s | status 200
2026-01-24 15:31:28,985 [INFO] path /users/Shamik/sync | method POST | duration 0.0053s | status 200
2026-01-24 15:31:29,019 [INFO] action search_movies | where_filter: {"$and": [{"language": "en"}, {"year": {"$gte": 1995}}]} | fetch_k: 420
2026-01-24 15:31:29,098 [INFO] action search_movies | duration 0.0829s | exclude_count 200 | candidates_reranked 262
2026-01-24 15:31:29,099 [INFO] path /users/Shamik/recommendations | method GET | duration 0.0903s | status 200
2026-01-24 15:31:31,957 [INFO] path /users/Shamik/sync | method POST | duration 0.0017s | status 200
2026-01-24 15:31:35,197 [INFO] path /users/Shamik/sync | method POST | duration 0.0058s | status 200
2026-01-24 15:31:37,960 [INFO] path /users/Shamik/sync | method POST | duration 0.0056s | status 200
2026-01-24 15:31:56,965 [INFO] path /users/Shamik/sync | method POST | duration 0.0126s | status 200
2026-01-24 15:32:05,525 [INFO] path /users/Shamik/sync | method POST | duration 0.0051s | status 200
2026-01-24 15:32:07,872 [INFO] path /users/Shamik/watchlist | method POST | duration 0.0073s | status 200
2026-01-24 15:32:09,795 [INFO] path /users/Shamik/sync | method POST | duration 0.0052s | status 200
2026-01-24 15:32:16,480 [INFO] path /users/Shamik/sync | method POST | duration 0.0054s | status 200
2026-01-24 15:32:25,639 [INFO] path /users/Shamik/sync | method POST | duration 0.0057s | status 200
2026-01-24 15:32:27,544 [INFO] action search_movies | where_filter: {"$and": [{"language": "en"}, {"year": {"$gte": 1995}}]} | fetch_k: 435
2026-01-24 15:32:27,622 [INFO] action search_movies | duration 0.0809s | exclude_count 215 | candidates_reranked 261
2026-01-24 15:32:27,623 [INFO] path /users/Shamik/recommendations | method GET | duration 0.0953s | status 200
2026-01-24 15:32:27,632 [INFO] path /users/Shamik/sync | method POST | duration 0.0012s | status 200
2026-01-24 15:32:30,774 [INFO] path /users/Shamik/sync | method POST | duration 0.0071s | status 200
2026-01-24 15:32:33,770 [INFO] path /users/Shamik/sync | method POST | duration 0.0095s | status 200
2026-01-24 15:32:36,205 [INFO] path /users/Shamik/sync | method POST | duration 0.0057s | status 200
2026-01-24 15:32:39,326 [INFO] path /users/Shamik/sync | method POST | duration 0.0132s | status 200
2026-01-24 15:32:40,327 [INFO] action search_movies | where_filter: {"$and": [{"language": "en"}, {"year": {"$gte": 1995}}]} | fetch_k: 449
2026-01-24 15:32:40,382 [INFO] action search_movies | duration 0.0596s | exclude_count 229 | candidates_reranked 257
2026-01-24 15:32:40,384 [INFO] path /users/Shamik/recommendations | method GET | duration 0.0721s | status 200
2026-01-24 15:32:40,385 [INFO] path /users/Shamik/sync | method POST | duration 0.0022s | status 200
2026-01-24 15:32:43,225 [INFO] path /users/Shamik/sync | method POST | duration 0.0060s | status 200
2026-01-24 15:32:52,959 [INFO] path /users/Shamik/sync | method POST | duration 0.0106s | status 200
2026-01-24 15:32:58,134 [INFO] path /users/Shamik/sync | method POST | duration 0.0060s | status 200
2026-01-24 15:33:01,971 [INFO] action encode_user_text | duration 0.0511s
2026-01-24 15:33:01,998 [INFO] path /users/Shamik/ratings | method POST | duration 0.4495s | status 200
2026-01-24 15:33:04,981 [INFO] path /users/Shamik/sync | method POST | duration 0.0058s | status 200
2026-01-24 15:33:09,647 [INFO] path /users/Shamik/sync | method POST | duration 0.0047s | status 200
2026-01-24 15:33:09,698 [INFO] action search_movies | where_filter: {"$and": [{"language": "en"}, {"year": {"$gte": 1995}}]} | fetch_k: 465
2026-01-24 15:33:09,781 [INFO] action search_movies | duration 0.0861s | exclude_count 245 | candidates_reranked 255
2026-01-24 15:33:09,782 [INFO] path /users/Shamik/recommendations | method GET | duration 0.0903s | status 200
2026-01-24 15:33:16,952 [INFO] path /users/Shamik/sync | method POST | duration 0.0055s | status 200
2026-01-24 15:33:19,881 [INFO] path /users/Shamik/sync | method POST | duration 0.0017s | status 200
2026-01-24 15:33:24,295 [INFO] path /users/Shamik/sync | method POST | duration 0.0124s | status 200
2026-01-24 15:33:30,768 [INFO] path /users/Shamik/sync | method POST | duration 0.0060s | status 200
2026-01-24 15:33:35,564 [INFO] action search_movies | where_filter: {"$and": [{"language": "en"}, {"year": {"$gte": 1995}}]} | fetch_k: 476
2026-01-24 15:33:35,611 [INFO] action search_movies | duration 0.0502s | exclude_count 256 | candidates_reranked 255
2026-01-24 15:33:35,612 [INFO] path /users/Shamik/recommendations | method GET | duration 0.0633s | status 200
2026-01-24 15:33:35,622 [INFO] path /users/Shamik/sync | method POST | duration 0.0014s | status 200
2026-01-24 15:33:42,839 [INFO] path /users/Shamik/sync | method POST | duration 0.0062s | status 200
2026-01-24 15:33:49,814 [INFO] path /users/Shamik/sync | method POST | duration 0.0053s | status 200
2026-01-24 15:33:53,243 [INFO] path /users/Shamik/sync | method POST | duration 0.0118s | status 200
2026-01-24 15:33:56,543 [INFO] path /users/Shamik/sync | method POST | duration 0.0054s | status 200
2026-01-24 15:33:59,317 [INFO] action encode_user_text | duration 0.0603s
2026-01-24 15:33:59,345 [INFO] path /users/Shamik/ratings | method POST | duration 0.2877s | status 200
2026-01-24 15:34:05,401 [INFO] path /users/Shamik | method GET | duration 0.0042s | status 200
2026-01-24 15:34:05,439 [INFO] path /onboarding/personas | method GET | duration 0.0009s | status 200
2026-01-24 15:34:05,489 [INFO] action search_movies | where_filter: {"$and": [{"language": "en"}, {"year": {"$gte": 1995}}]} | fetch_k: 490
2026-01-24 15:34:05,562 [INFO] action search_movies | duration 0.0741s | exclude_count 270 | candidates_reranked 255
2026-01-24 15:34:05,563 [INFO] path /users/Shamik/recommendations | method GET | duration 0.0803s | status 200
2026-01-24 15:34:07,011 [INFO] path /users/Shamik | method GET | duration 0.0035s | status 200
2026-01-24 15:34:11,889 [INFO] path /movies/batch | method POST | duration 6.4057s | status 200
2026-01-24 15:34:13,260 [INFO] path /movies/batch | method POST | duration 6.2080s | status 200
2026-01-24 15:34:40,955 [INFO] path /users/Shamik/sync | method POST | duration 0.0064s | status 200
2026-01-24 15:34:45,712 [INFO] path /users/Shamik/sync | method POST | duration 0.0124s | status 200
2026-01-24 15:34:48,625 [INFO] path /users/Shamik/sync | method POST | duration 0.0055s | status 200
2026-01-24 15:34:49,700 [INFO] action search_movies | where_filter: {"$and": [{"language": "en"}, {"year": {"$gte": 1995}}]} | fetch_k: 499
2026-01-24 15:34:49,749 [INFO] path /users/Shamik/sync | method POST | duration 0.0019s | status 200
2026-01-24 15:34:49,753 [INFO] action search_movies | duration 0.0575s | exclude_count 279 | candidates_reranked 255
2026-01-24 15:34:49,754 [INFO] path /users/Shamik/recommendations | method GET | duration 0.0686s | status 200
2026-01-24 15:34:52,766 [INFO] path /users/Shamik/sync | method POST | duration 0.0103s | status 200
