2026-01-09 13:28:06,470 [INFO] Starting server run #21. Logging to logs/server_21.log
2026-01-09 13:28:54,485 [INFO] path /users/Shamik Karkhanis | method GET | duration 0.0030s | status 200
2026-01-09 13:28:54,859 [INFO] Anonymized telemetry enabled. See                     https://docs.trychroma.com/telemetry for more information.
2026-01-09 13:28:54,859 [INFO] Anonymized telemetry enabled. See                     https://docs.trychroma.com/telemetry for more information.
2026-01-09 13:28:54,946 [INFO] path /onboarding | method GET | duration 0.1709s | status 200
2026-01-09 13:28:54,947 [INFO] action search_movies | where_filter: {"$and": [{"$or": [{"is_Action": true}, {"is_Adventure": true}, {"is_Animation": true}, {"is_Comedy": true}, {"is_Crime": true}, {"is_Drama": true}, {"is_Family": true}, {"is_Fantasy": true}, {"is_Horror": true}, {"is_Mystery": true}, {"is_Science Fiction": true}, {"is_Thriller": true}]}, {"language": "en"}]} | fetch_k: 363
2026-01-09 13:28:55,216 [INFO] action search_movies | duration 0.2711s | exclude_count 143 | candidates_reranked 227
2026-01-09 13:28:55,217 [INFO] path /users/Shamik Karkhanis/recommendations | method GET | duration 0.4326s | status 200
2026-01-09 13:29:09,114 [INFO] Initializing SentenceTransformer model...
2026-01-09 13:29:09,135 [INFO] Use pytorch device_name: mps
2026-01-09 13:29:09,135 [INFO] Load pretrained SentenceTransformer: all-MiniLM-L6-v2
2026-01-09 13:29:12,077 [INFO] action encode_user_text | duration 2.9633s
2026-01-09 13:29:12,118 [INFO] path /encode | method POST | duration 3.4362s | status 200
2026-01-09 13:29:12,195 [INFO] action search_movies | where_filter: {"$and": [{"$or": [{"is_Comedy": true}, {"is_Crime": true}, {"is_Drama": true}, {"is_Horror": true}, {"is_Mystery": true}, {"is_Thriller": true}]}, {"language": "en"}]} | fetch_k: 250
2026-01-09 13:29:12,386 [INFO] action search_movies | duration 0.1919s | exclude_count 3 | candidates_reranked 249
2026-01-09 13:29:12,387 [INFO] path /users/Shamik Karkhanis/recommendations | method GET | duration 0.1963s | status 200
2026-01-09 13:29:26,342 [INFO] action encode_user_text | duration 0.1002s
2026-01-09 13:29:26,369 [INFO] path /users/Shamik Karkhanis/ratings | method POST | duration 0.3520s | status 200
2026-01-09 13:29:30,214 [INFO] path /users/Shamik Karkhanis/sync | method POST | duration 0.0065s | status 200
2026-01-09 13:29:33,845 [INFO] action encode_user_text | duration 0.0353s
2026-01-09 13:29:33,867 [INFO] path /users/Shamik Karkhanis/ratings | method POST | duration 0.1511s | status 200
2026-01-09 13:29:41,771 [INFO] action encode_user_text | duration 0.0300s
2026-01-09 13:29:41,792 [INFO] path /users/Shamik Karkhanis/ratings | method POST | duration 0.1424s | status 200
2026-01-09 13:29:41,807 [INFO] action search_movies | where_filter: {"$and": [{"$or": [{"is_Comedy": true}, {"is_Crime": true}, {"is_Drama": true}, {"is_Horror": true}, {"is_Mystery": true}, {"is_Thriller": true}]}, {"language": "en"}]} | fetch_k: 250
2026-01-09 13:29:41,996 [INFO] action search_movies | duration 0.1903s | exclude_count 7 | candidates_reranked 246
2026-01-09 13:29:41,997 [INFO] path /users/Shamik Karkhanis/recommendations | method GET | duration 0.1935s | status 200
2026-01-09 13:29:43,215 [INFO] path /users/Shamik Karkhanis/sync | method POST | duration 0.0044s | status 200
2026-01-09 13:29:46,937 [INFO] action encode_user_text | duration 0.0488s
2026-01-09 13:29:46,960 [INFO] path /users/Shamik Karkhanis/ratings | method POST | duration 0.1665s | status 200
2026-01-09 13:29:51,001 [INFO] path /users/Shamik Karkhanis/sync | method POST | duration 0.0055s | status 200
2026-01-09 13:29:55,912 [INFO] path /users/Shamik Karkhanis/ratings | method POST | duration 0.0040s | status 200
2026-01-09 13:30:01,863 [INFO] path /users/Shamik Karkhanis/sync | method POST | duration 0.0063s | status 200
2026-01-09 13:30:55,542 [INFO] path /users/Shamik Karkhanis/sync | method POST | duration 0.0054s | status 200
2026-01-09 13:30:59,535 [INFO] path /users/Shamik Karkhanis/ratings | method POST | duration 0.0040s | status 200
2026-01-09 13:30:59,559 [INFO] action search_movies | where_filter: {"$and": [{"$or": [{"is_Comedy": true}, {"is_Crime": true}, {"is_Drama": true}, {"is_Horror": true}, {"is_Mystery": true}, {"is_Thriller": true}]}, {"language": "en"}]} | fetch_k: 250
2026-01-09 13:30:59,750 [INFO] action search_movies | duration 0.1946s | exclude_count 18 | candidates_reranked 235
2026-01-09 13:30:59,751 [INFO] path /users/Shamik Karkhanis/recommendations | method GET | duration 0.2057s | status 200
2026-01-09 13:31:08,387 [INFO] action encode_user_text | duration 0.0631s
2026-01-09 13:31:08,411 [INFO] path /users/Shamik Karkhanis/ratings | method POST | duration 0.1862s | status 200
2026-01-09 13:31:10,541 [INFO] path /users/Shamik Karkhanis/sync | method POST | duration 0.0051s | status 200
2026-01-09 13:31:40,187 [INFO] path /users/Shamik Karkhanis/sync | method POST | duration 0.0048s | status 200
2026-01-09 13:32:34,950 [INFO] action encode_user_text | duration 0.0365s
2026-01-09 13:32:34,970 [INFO] path /users/Shamik Karkhanis/ratings | method POST | duration 0.2478s | status 200
2026-01-09 13:32:36,804 [INFO] path /users/Shamik Karkhanis/sync | method POST | duration 0.0050s | status 200
2026-01-09 13:32:40,693 [INFO] path /users/Shamik Karkhanis/sync | method POST | duration 0.0054s | status 200
2026-01-09 13:32:43,664 [INFO] path /users/Shamik Karkhanis/sync | method POST | duration 0.0048s | status 200
2026-01-09 13:32:47,663 [INFO] path /users/Shamik Karkhanis/sync | method POST | duration 0.0048s | status 200
2026-01-09 13:32:51,138 [INFO] path /users/Shamik Karkhanis/sync | method POST | duration 0.0039s | status 200
2026-01-09 13:33:44,922 [INFO] path /users/Shamik Karkhanis/sync | method POST | duration 0.0049s | status 200
2026-01-09 13:33:47,635 [INFO] path /users/Shamik Karkhanis/sync | method POST | duration 0.0056s | status 200
2026-01-09 13:33:50,225 [INFO] path /users/Shamik Karkhanis/sync | method POST | duration 0.0048s | status 200
2026-01-09 13:34:06,259 [INFO] path /users/Shamik Karkhanis/sync | method POST | duration 0.0062s | status 200
2026-01-09 13:34:59,283 [INFO] path /users/Shamik Karkhanis/sync | method POST | duration 0.0128s | status 200
2026-01-09 13:34:59,290 [INFO] action search_movies | where_filter: {"$and": [{"$or": [{"is_Comedy": true}, {"is_Crime": true}, {"is_Drama": true}, {"is_Horror": true}, {"is_Mystery": true}, {"is_Thriller": true}]}, {"language": "en"}]} | fetch_k: 263
2026-01-09 13:34:59,486 [INFO] action search_movies | duration 0.1989s | exclude_count 43 | candidates_reranked 225
2026-01-09 13:34:59,487 [INFO] path /users/Shamik Karkhanis/recommendations | method GET | duration 0.2132s | status 200
2026-01-09 13:35:03,134 [INFO] path /users/Shamik Karkhanis/sync | method POST | duration 0.0051s | status 200
2026-01-09 13:35:09,794 [INFO] path /users/Shamik Karkhanis/sync | method POST | duration 0.0045s | status 200
2026-01-09 13:35:19,219 [INFO] path /users/Shamik Karkhanis/sync | method POST | duration 0.0041s | status 200
2026-01-09 13:35:19,237 [INFO] path /users/Shamik Karkhanis/sync | method POST | duration 0.0041s | status 200
2026-01-09 13:35:26,194 [INFO] path /users/Shamik Karkhanis/sync | method POST | duration 0.0042s | status 200
2026-01-09 13:35:29,758 [INFO] path /users/Shamik Karkhanis/sync | method POST | duration 0.0044s | status 200
2026-01-09 13:35:34,904 [INFO] action encode_user_text | duration 0.1354s
2026-01-09 13:35:34,929 [INFO] path /users/Shamik Karkhanis/ratings | method POST | duration 0.2821s | status 200
2026-01-09 13:35:34,986 [INFO] action search_movies | where_filter: {"$and": [{"$or": [{"is_Comedy": true}, {"is_Crime": true}, {"is_Drama": true}, {"is_Horror": true}, {"is_Mystery": true}, {"is_Thriller": true}]}, {"language": "en"}]} | fetch_k: 270
2026-01-09 13:35:35,177 [INFO] action search_movies | duration 0.1927s | exclude_count 50 | candidates_reranked 225
2026-01-09 13:35:35,178 [INFO] path /users/Shamik Karkhanis/recommendations | method GET | duration 0.1957s | status 200
2026-01-09 13:35:36,619 [INFO] path /users/Shamik Karkhanis/sync | method POST | duration 0.0047s | status 200
2026-01-09 13:35:40,139 [INFO] action encode_user_text | duration 0.0565s
2026-01-09 13:35:40,160 [INFO] path /users/Shamik Karkhanis/ratings | method POST | duration 0.1658s | status 200
2026-01-09 13:35:42,168 [INFO] path /users/Shamik Karkhanis/sync | method POST | duration 0.0048s | status 200
2026-01-09 13:35:48,935 [INFO] action encode_user_text | duration 0.0565s
2026-01-09 13:35:48,956 [INFO] path /users/Shamik Karkhanis/ratings | method POST | duration 0.2338s | status 200
2026-01-09 13:35:48,974 [INFO] path /users/Shamik Karkhanis/sync | method POST | duration 0.0013s | status 200
2026-01-09 13:35:55,263 [INFO] action encode_user_text | duration 0.0402s
2026-01-09 13:35:55,284 [INFO] path /users/Shamik Karkhanis/ratings | method POST | duration 0.1338s | status 200
2026-01-09 13:35:55,297 [INFO] action search_movies | where_filter: {"$and": [{"$or": [{"is_Comedy": true}, {"is_Crime": true}, {"is_Drama": true}, {"is_Horror": true}, {"is_Mystery": true}, {"is_Thriller": true}]}, {"language": "en"}]} | fetch_k: 276
2026-01-09 13:35:55,484 [INFO] action search_movies | duration 0.1879s | exclude_count 56 | candidates_reranked 232
2026-01-09 13:35:55,485 [INFO] path /users/Shamik Karkhanis/recommendations | method GET | duration 0.1907s | status 200
2026-01-09 13:35:58,227 [INFO] path /users/Shamik Karkhanis/sync | method POST | duration 0.0054s | status 200
2026-01-09 13:36:01,911 [INFO] path /users/Shamik Karkhanis/sync | method POST | duration 0.0035s | status 200
2026-01-09 13:36:05,964 [INFO] action encode_user_text | duration 0.0611s
2026-01-09 13:36:05,985 [INFO] path /users/Shamik Karkhanis/ratings | method POST | duration 0.2598s | status 200
2026-01-09 13:36:12,293 [INFO] path /users/Shamik Karkhanis/sync | method POST | duration 0.0046s | status 200
2026-01-09 13:36:15,634 [INFO] path /users/Shamik Karkhanis/sync | method POST | duration 0.0048s | status 200
2026-01-09 13:36:20,663 [INFO] action encode_user_text | duration 0.0359s
2026-01-09 13:36:20,684 [INFO] path /users/Shamik Karkhanis/ratings | method POST | duration 0.1399s | status 200
2026-01-09 13:36:24,904 [INFO] path /users/Shamik Karkhanis/sync | method POST | duration 0.0036s | status 200
2026-01-09 13:36:38,894 [INFO] path /users/Shamik Karkhanis/sync | method POST | duration 0.0055s | status 200
2026-01-09 13:36:42,370 [INFO] action encode_user_text | duration 0.0526s
2026-01-09 13:36:42,393 [INFO] path /users/Shamik Karkhanis/ratings | method POST | duration 0.1889s | status 200
2026-01-09 13:36:42,578 [INFO] action search_movies | where_filter: {"$and": [{"$or": [{"is_Comedy": true}, {"is_Crime": true}, {"is_Drama": true}, {"is_Horror": true}, {"is_Mystery": true}, {"is_Thriller": true}]}, {"language": "en"}]} | fetch_k: 294
2026-01-09 13:36:42,789 [INFO] action search_movies | duration 0.2144s | exclude_count 74 | candidates_reranked 236
2026-01-09 13:36:42,790 [INFO] path /users/Shamik Karkhanis/recommendations | method GET | duration 0.2230s | status 200
2026-01-09 13:36:47,073 [INFO] path /users/Shamik Karkhanis/ratings | method POST | duration 0.0050s | status 200
2026-01-09 13:36:49,222 [INFO] path /users/Shamik Karkhanis/sync | method POST | duration 0.0054s | status 200
2026-01-09 13:36:58,238 [INFO] path /users/Shamik Karkhanis/ratings | method POST | duration 0.0031s | status 200
2026-01-09 13:36:59,860 [INFO] path /users/Shamik Karkhanis/sync | method POST | duration 0.0054s | status 200
2026-01-09 13:37:27,323 [INFO] path /users/Shamik Karkhanis/sync | method POST | duration 0.0046s | status 200
2026-01-09 13:37:31,030 [INFO] path /users/Shamik Karkhanis/sync | method POST | duration 0.0053s | status 200
2026-01-09 13:37:37,360 [INFO] path /users/Shamik Karkhanis/sync | method POST | duration 0.0049s | status 200
2026-01-09 13:37:40,630 [INFO] path /users/Shamik Karkhanis/sync | method POST | duration 0.0054s | status 200
2026-01-09 13:37:50,233 [INFO] path /users/Shamik Karkhanis/sync | method POST | duration 0.0051s | status 200
2026-01-09 13:37:51,593 [INFO] action search_movies | where_filter: {"$and": [{"$or": [{"is_Comedy": true}, {"is_Crime": true}, {"is_Drama": true}, {"is_Horror": true}, {"is_Mystery": true}, {"is_Thriller": true}]}, {"language": "en"}]} | fetch_k: 315
2026-01-09 13:37:51,594 [INFO] path /users/Shamik Karkhanis/sync | method POST | duration 0.0055s | status 200
2026-01-09 13:37:51,718 [INFO] action search_movies | duration 0.1283s | exclude_count 95 | candidates_reranked 235
2026-01-09 13:37:51,719 [INFO] path /users/Shamik Karkhanis/recommendations | method GET | duration 0.1403s | status 200
2026-01-09 13:37:55,988 [INFO] path /users/Shamik Karkhanis/sync | method POST | duration 0.0048s | status 200
2026-01-09 13:37:58,855 [INFO] path /users/Shamik Karkhanis/sync | method POST | duration 0.0046s | status 200
2026-01-09 13:38:01,825 [INFO] path /users/Shamik Karkhanis/sync | method POST | duration 0.0053s | status 200
2026-01-09 13:38:04,766 [INFO] path /users/Shamik Karkhanis/sync | method POST | duration 0.0046s | status 200
2026-01-09 13:38:08,134 [INFO] path /users/Shamik Karkhanis/sync | method POST | duration 0.0043s | status 200
2026-01-09 13:38:10,919 [INFO] path /users/Shamik Karkhanis/sync | method POST | duration 0.0054s | status 200
2026-01-09 13:38:11,860 [INFO] path /users/Shamik Karkhanis/sync | method POST | duration 0.0048s | status 200
2026-01-09 13:38:11,873 [INFO] action search_movies | where_filter: {"$and": [{"$or": [{"is_Comedy": true}, {"is_Crime": true}, {"is_Drama": true}, {"is_Horror": true}, {"is_Mystery": true}, {"is_Thriller": true}]}, {"language": "en"}]} | fetch_k: 335
2026-01-09 13:38:12,018 [INFO] action search_movies | duration 0.1473s | exclude_count 115 | candidates_reranked 233
2026-01-09 13:38:12,018 [INFO] path /users/Shamik Karkhanis/recommendations | method GET | duration 0.1544s | status 200
2026-01-09 13:38:16,200 [INFO] action encode_user_text | duration 0.0473s
2026-01-09 13:38:16,222 [INFO] path /users/Shamik Karkhanis/ratings | method POST | duration 0.2120s | status 200
2026-01-09 13:38:16,371 [INFO] action search_movies | where_filter: {"$and": [{"$or": [{"is_Comedy": true}, {"is_Crime": true}, {"is_Drama": true}, {"is_Horror": true}, {"is_Mystery": true}, {"is_Thriller": true}]}, {"language": "en"}]} | fetch_k: 336
2026-01-09 13:38:16,486 [INFO] action search_movies | duration 0.1166s | exclude_count 116 | candidates_reranked 233
2026-01-09 13:38:16,486 [INFO] path /users/Shamik Karkhanis/recommendations | method GET | duration 0.1207s | status 200
2026-01-09 13:38:17,492 [INFO] path /users/Shamik Karkhanis/sync | method POST | duration 0.0055s | status 200
2026-01-09 13:38:21,271 [INFO] action encode_user_text | duration 0.0393s
2026-01-09 13:38:21,292 [INFO] path /users/Shamik Karkhanis/ratings | method POST | duration 0.2215s | status 200
2026-01-09 13:38:24,150 [INFO] path /users/Shamik Karkhanis/sync | method POST | duration 0.0053s | status 200
2026-01-09 13:38:27,863 [INFO] path /users/Shamik Karkhanis/sync | method POST | duration 0.0054s | status 200
2026-01-09 13:38:32,229 [INFO] path /users/Shamik Karkhanis/sync | method POST | duration 0.0055s | status 200
2026-01-09 13:38:36,328 [INFO] path /users/Shamik Karkhanis/sync | method POST | duration 0.0014s | status 200
2026-01-09 13:38:40,225 [INFO] path /users/Shamik Karkhanis/sync | method POST | duration 0.0059s | status 200
2026-01-09 13:38:49,457 [INFO] path /users/Shamik Karkhanis/sync | method POST | duration 0.0054s | status 200
2026-01-09 13:39:03,792 [INFO] action encode_user_text | duration 0.0604s
2026-01-09 13:39:03,816 [INFO] path /users/Shamik Karkhanis/ratings | method POST | duration 0.2407s | status 200
2026-01-09 13:39:15,651 [INFO] path /users/Shamik Karkhanis/sync | method POST | duration 0.0056s | status 200
2026-01-09 13:39:15,667 [INFO] path /users/Shamik Karkhanis/sync | method POST | duration 0.0039s | status 200
2026-01-09 13:39:18,123 [INFO] action search_movies | where_filter: {"$and": [{"$or": [{"is_Comedy": true}, {"is_Crime": true}, {"is_Drama": true}, {"is_Horror": true}, {"is_Mystery": true}, {"is_Thriller": true}]}, {"language": "en"}]} | fetch_k: 361
2026-01-09 13:39:18,213 [INFO] path /users/Shamik Karkhanis/sync | method POST | duration 0.0024s | status 200
2026-01-09 13:39:18,323 [INFO] action search_movies | duration 0.2031s | exclude_count 141 | candidates_reranked 228
2026-01-09 13:39:18,324 [INFO] path /users/Shamik Karkhanis/recommendations | method GET | duration 0.2143s | status 200
2026-01-09 13:39:23,756 [INFO] path /users/Shamik Karkhanis/sync | method POST | duration 0.0052s | status 200
2026-01-09 13:39:26,614 [INFO] path /users/Shamik Karkhanis/sync | method POST | duration 0.0045s | status 200
2026-01-09 13:39:31,733 [INFO] action encode_user_text | duration 0.0542s
2026-01-09 13:39:31,755 [INFO] path /users/Shamik Karkhanis/ratings | method POST | duration 0.2668s | status 200
2026-01-09 13:39:31,839 [INFO] action search_movies | where_filter: {"$and": [{"$or": [{"is_Comedy": true}, {"is_Crime": true}, {"is_Drama": true}, {"is_Horror": true}, {"is_Mystery": true}, {"is_Thriller": true}]}, {"language": "en"}]} | fetch_k: 369
2026-01-09 13:39:32,029 [INFO] action search_movies | duration 0.1917s | exclude_count 149 | candidates_reranked 228
2026-01-09 13:39:32,030 [INFO] path /users/Shamik Karkhanis/recommendations | method GET | duration 0.1951s | status 200
2026-01-09 13:39:39,728 [INFO] path /users/Shamik Karkhanis/sync | method POST | duration 0.0052s | status 200
2026-01-09 13:39:42,794 [INFO] path /users/Shamik Karkhanis/ratings | method POST | duration 0.0058s | status 200
2026-01-09 13:39:46,376 [INFO] path /users/Shamik Karkhanis/sync | method POST | duration 0.0055s | status 200
2026-01-09 13:40:01,232 [INFO] path /users/Shamik Karkhanis/sync | method POST | duration 0.0053s | status 200
2026-01-09 13:40:01,245 [INFO] path /users/Shamik Karkhanis/sync | method POST | duration 0.0036s | status 200
2026-01-09 13:40:04,951 [INFO] path /users/Shamik Karkhanis/sync | method POST | duration 0.0061s | status 200
2026-01-09 13:40:08,530 [INFO] action encode_user_text | duration 0.0566s
2026-01-09 13:40:08,550 [INFO] path /users/Shamik Karkhanis/ratings | method POST | duration 0.2629s | status 200
2026-01-09 13:40:10,338 [INFO] path /users/Shamik Karkhanis/sync | method POST | duration 0.0058s | status 200
2026-01-09 13:40:14,024 [INFO] path /users/Shamik Karkhanis/sync | method POST | duration 0.0059s | status 200
2026-01-09 13:40:17,223 [INFO] path /users/Shamik Karkhanis/sync | method POST | duration 0.0054s | status 200
2026-01-09 13:40:17,236 [INFO] action search_movies | where_filter: {"$and": [{"$or": [{"is_Comedy": true}, {"is_Crime": true}, {"is_Drama": true}, {"is_Horror": true}, {"is_Mystery": true}, {"is_Thriller": true}]}, {"language": "en"}]} | fetch_k: 389
2026-01-09 13:40:17,317 [INFO] action search_movies | duration 0.0840s | exclude_count 169 | candidates_reranked 238
2026-01-09 13:40:17,318 [INFO] path /users/Shamik Karkhanis/recommendations | method GET | duration 0.0918s | status 200
2026-01-09 13:40:20,987 [INFO] path /users/Shamik Karkhanis/sync | method POST | duration 0.0051s | status 200
2026-01-09 13:40:31,032 [INFO] path /users/Shamik Karkhanis/sync | method POST | duration 0.0066s | status 200
2026-01-09 13:40:35,016 [INFO] path /users/Shamik Karkhanis/sync | method POST | duration 0.0052s | status 200
2026-01-09 13:40:39,878 [INFO] path /users/Shamik Karkhanis/sync | method POST | duration 0.0048s | status 200
2026-01-09 13:40:42,016 [INFO] action encode_user_text | duration 0.0309s
2026-01-09 13:40:42,042 [INFO] path /users/Shamik Karkhanis/ratings | method POST | duration 0.1608s | status 200
2026-01-09 13:40:42,054 [INFO] action search_movies | where_filter: {"$and": [{"$or": [{"is_Comedy": true}, {"is_Crime": true}, {"is_Drama": true}, {"is_Horror": true}, {"is_Mystery": true}, {"is_Thriller": true}]}, {"language": "en"}]} | fetch_k: 397
2026-01-09 13:40:42,114 [INFO] action search_movies | duration 0.0616s | exclude_count 177 | candidates_reranked 234
2026-01-09 13:40:42,115 [INFO] path /users/Shamik Karkhanis/recommendations | method GET | duration 0.0646s | status 200
2026-01-09 13:40:46,413 [INFO] path /users/Shamik Karkhanis/sync | method POST | duration 0.0056s | status 200
2026-01-09 13:40:53,562 [INFO] action encode_user_text | duration 0.0515s
2026-01-09 13:40:53,583 [INFO] path /users/Shamik Karkhanis/ratings | method POST | duration 0.2553s | status 200
2026-01-09 13:40:55,193 [INFO] path /users/Shamik Karkhanis/sync | method POST | duration 0.0059s | status 200
2026-01-09 13:41:00,003 [INFO] path /users/Shamik Karkhanis/sync | method POST | duration 0.0056s | status 200
2026-01-09 13:41:04,087 [INFO] path /users/Shamik Karkhanis/sync | method POST | duration 0.0045s | status 200
2026-01-09 13:41:10,150 [INFO] path /users/Shamik Karkhanis/sync | method POST | duration 0.0053s | status 200
2026-01-09 13:41:15,057 [INFO] path /users/Shamik Karkhanis/sync | method POST | duration 0.0055s | status 200
2026-01-09 13:41:18,747 [INFO] path /users/Shamik Karkhanis/sync | method POST | duration 0.0061s | status 200
2026-01-09 13:41:21,466 [INFO] action search_movies | where_filter: {"$and": [{"$or": [{"is_Comedy": true}, {"is_Crime": true}, {"is_Drama": true}, {"is_Horror": true}, {"is_Mystery": true}, {"is_Thriller": true}]}, {"language": "en"}]} | fetch_k: 415
2026-01-09 13:41:21,468 [INFO] path /users/Shamik Karkhanis/sync | method POST | duration 0.0058s | status 200
2026-01-09 13:41:21,547 [INFO] action search_movies | duration 0.0857s | exclude_count 195 | candidates_reranked 245
2026-01-09 13:41:21,548 [INFO] path /users/Shamik Karkhanis/recommendations | method GET | duration 0.0974s | status 200
2026-01-09 13:41:25,608 [INFO] path /users/Shamik Karkhanis/sync | method POST | duration 0.0057s | status 200
2026-01-09 13:41:31,425 [INFO] path /users/Shamik Karkhanis/sync | method POST | duration 0.0056s | status 200
2026-01-09 13:41:35,434 [INFO] path /users/Shamik Karkhanis/sync | method POST | duration 0.0052s | status 200
2026-01-09 13:41:39,018 [INFO] path /users/Shamik Karkhanis/sync | method POST | duration 0.0055s | status 200
2026-01-09 13:41:42,751 [INFO] action encode_user_text | duration 0.0347s
2026-01-09 13:41:42,774 [INFO] path /users/Shamik Karkhanis/ratings | method POST | duration 0.1751s | status 200
2026-01-09 13:41:47,004 [INFO] path /users/Shamik Karkhanis/sync | method POST | duration 0.0053s | status 200
2026-01-09 13:41:50,393 [INFO] action search_movies | where_filter: {"$and": [{"$or": [{"is_Comedy": true}, {"is_Crime": true}, {"is_Drama": true}, {"is_Horror": true}, {"is_Mystery": true}, {"is_Thriller": true}]}, {"language": "en"}]} | fetch_k: 432
2026-01-09 13:41:50,393 [INFO] path /users/Shamik Karkhanis/sync | method POST | duration 0.0079s | status 200
2026-01-09 13:41:50,589 [INFO] action search_movies | duration 0.1998s | exclude_count 212 | candidates_reranked 241
2026-01-09 13:41:50,590 [INFO] path /users/Shamik Karkhanis/recommendations | method GET | duration 0.2128s | status 200
2026-01-09 13:41:54,019 [INFO] path /users/Shamik Karkhanis/sync | method POST | duration 0.0056s | status 200
2026-01-09 13:41:58,936 [INFO] path /users/Shamik Karkhanis/sync | method POST | duration 0.0046s | status 200
2026-01-09 13:42:04,833 [INFO] path /users/Shamik Karkhanis/sync | method POST | duration 0.0058s | status 200
2026-01-09 13:48:35,922 [INFO] path /users/Shamik Karkhanis | method GET | duration 0.0071s | status 200
2026-01-09 13:48:36,116 [INFO] path /onboarding | method GET | duration 0.0231s | status 200
2026-01-09 13:48:36,119 [INFO] action search_movies | where_filter: {"$and": [{"$or": [{"is_Comedy": true}, {"is_Crime": true}, {"is_Drama": true}, {"is_Horror": true}, {"is_Mystery": true}, {"is_Thriller": true}]}, {"language": "en"}]} | fetch_k: 444
2026-01-09 13:48:36,367 [INFO] action search_movies | duration 0.2501s | exclude_count 224 | candidates_reranked 241
2026-01-09 13:48:36,367 [INFO] path /users/Shamik Karkhanis/recommendations | method GET | duration 0.2626s | status 200
